<?xml version="1.0" encoding="UTF-8"?>
<testsuite name="com.cards.cardsInnGame.CardsInnGameApplicationTests" tests="0" skipped="0" failures="0" errors="0" timestamp="1970-01-01T00:00:00" hostname="8c85902bd64c" time="0.0">
  <properties/>
  <system-out><![CDATA[21:34:42.263 [Test worker] DEBUG org.springframework.test.context.junit4.SpringJUnit4ClassRunner - SpringJUnit4ClassRunner constructor called with [class com.cards.cardsInnGame.CardsInnGameApplicationTests]
21:34:42.267 [Test worker] DEBUG org.springframework.test.context.BootstrapUtils - Instantiating CacheAwareContextLoaderDelegate from class [org.springframework.test.context.cache.DefaultCacheAwareContextLoaderDelegate]
21:34:42.273 [Test worker] DEBUG org.springframework.test.context.BootstrapUtils - Instantiating BootstrapContext using constructor [public org.springframework.test.context.support.DefaultBootstrapContext(java.lang.Class,org.springframework.test.context.CacheAwareContextLoaderDelegate)]
21:34:42.285 [Test worker] DEBUG org.springframework.test.context.BootstrapUtils - Instantiating TestContextBootstrapper for test class [com.cards.cardsInnGame.CardsInnGameApplicationTests] from class [org.springframework.boot.test.context.SpringBootTestContextBootstrapper]
21:34:42.295 [Test worker] INFO org.springframework.boot.test.context.SpringBootTestContextBootstrapper - Neither @ContextConfiguration nor @ContextHierarchy found for test class [com.cards.cardsInnGame.CardsInnGameApplicationTests], using SpringBootContextLoader
21:34:42.297 [Test worker] DEBUG org.springframework.test.context.support.AbstractContextLoader - Did not detect default resource location for test class [com.cards.cardsInnGame.CardsInnGameApplicationTests]: class path resource [com/cards/cardsInnGame/CardsInnGameApplicationTests-context.xml] does not exist
21:34:42.297 [Test worker] DEBUG org.springframework.test.context.support.AbstractContextLoader - Did not detect default resource location for test class [com.cards.cardsInnGame.CardsInnGameApplicationTests]: class path resource [com/cards/cardsInnGame/CardsInnGameApplicationTestsContext.groovy] does not exist
21:34:42.298 [Test worker] INFO org.springframework.test.context.support.AbstractContextLoader - Could not detect default resource locations for test class [com.cards.cardsInnGame.CardsInnGameApplicationTests]: no resource found for suffixes {-context.xml, Context.groovy}.
21:34:42.298 [Test worker] INFO org.springframework.test.context.support.AnnotationConfigContextLoaderUtils - Could not detect default configuration classes for test class [com.cards.cardsInnGame.CardsInnGameApplicationTests]: CardsInnGameApplicationTests does not declare any static, non-private, non-final, nested classes annotated with @Configuration.
21:34:42.327 [Test worker] DEBUG org.springframework.test.context.support.ActiveProfilesUtils - Could not find an 'annotation declaring class' for annotation type [org.springframework.test.context.ActiveProfiles] and class [com.cards.cardsInnGame.CardsInnGameApplicationTests]
21:34:42.333 [Test worker] DEBUG org.springframework.core.env.StandardEnvironment - Adding PropertySource 'systemProperties' with lowest search precedence
21:34:42.334 [Test worker] DEBUG org.springframework.core.env.StandardEnvironment - Adding PropertySource 'systemEnvironment' with lowest search precedence
21:34:42.335 [Test worker] DEBUG org.springframework.core.env.StandardEnvironment - Initialized StandardEnvironment with PropertySources [MapPropertySource@1547818226 {name='systemProperties', properties={java.runtime.name=Java(TM) SE Runtime Environment, sun.boot.library.path=/Library/Java/JavaVirtualMachines/jdk1.8.0_151.jdk/Contents/Home/jre/lib, java.vm.version=25.151-b12, gopherProxySet=false, java.vm.vendor=Oracle Corporation, java.vendor.url=http://java.oracle.com/, path.separator=:, java.vm.name=Java HotSpot(TM) 64-Bit Server VM, file.encoding.pkg=sun.io, sun.java.launcher=SUN_STANDARD, user.country=US, sun.os.patch.level=unknown, java.vm.specification.name=Java Virtual Machine Specification, user.dir=/Users/z001vd4/Desktop/Chinmay/Docs/CardsInnGame, java.runtime.version=1.8.0_151-b12, java.awt.graphicsenv=sun.awt.CGraphicsEnvironment, java.endorsed.dirs=/Library/Java/JavaVirtualMachines/jdk1.8.0_151.jdk/Contents/Home/jre/lib/endorsed, os.arch=x86_64, java.io.tmpdir=/var/folders/1v/3gcpt_8s09gdr148rgmlgdq47cdxkv/T/, line.separator=
, java.vm.specification.vendor=Oracle Corporation, user.variant=, os.name=Mac OS X, sun.jnu.encoding=UTF-8, java.library.path=/Users/z001vd4/Library/Java/Extensions:/Library/Java/Extensions:/Network/Library/Java/Extensions:/System/Library/Java/Extensions:/usr/lib/java:., java.specification.name=Java Platform API Specification, java.class.version=52.0, sun.management.compiler=HotSpot 64-Bit Tiered Compilers, os.version=10.12.6, user.home=/Users/z001vd4, user.timezone=America/Chicago, java.awt.printerjob=sun.lwawt.macosx.CPrinterJob, file.encoding=UTF-8, java.specification.version=1.8, java.class.path=/Users/z001vd4/Desktop/Chinmay/Docs/CardsInnGame/build/classes/test:/Users/z001vd4/Desktop/Chinmay/Docs/CardsInnGame/build/resources/test:/Users/z001vd4/Desktop/Chinmay/Docs/CardsInnGame/build/classes/main:/Users/z001vd4/Desktop/Chinmay/Docs/CardsInnGame/build/resources/main:/Users/z001vd4/.gradle/caches/modules-2/files-2.1/org.springframework.boot/spring-boot-starter/1.5.8.RELEASE/18048efe1f06569022a53cc3fb2fe9c0162935a3/spring-boot-starter-1.5.8.RELEASE.jar:/Users/z001vd4/.gradle/caches/modules-2/files-2.1/org.springframework.boot/spring-boot-starter-test/1.5.8.RELEASE/20b767f594924b32950286f1236ab7d68ff861f9/spring-boot-starter-test-1.5.8.RELEASE.jar:/Users/z001vd4/.gradle/caches/modules-2/files-2.1/org.springframework.boot/spring-boot/1.5.8.RELEASE/748ebde51761e12627ad23d064024f342b18f9b4/spring-boot-1.5.8.RELEASE.jar:/Users/z001vd4/.gradle/caches/modules-2/files-2.1/org.springframework.boot/spring-boot-autoconfigure/1.5.8.RELEASE/e4f2efa4c319f4e3613d94fbccfdb5ccda6873e3/spring-boot-autoconfigure-1.5.8.RELEASE.jar:/Users/z001vd4/.gradle/caches/modules-2/files-2.1/org.springframework.boot/spring-boot-starter-logging/1.5.8.RELEASE/ebc00a0e46753d90431fdcc5e3d6b9fd3bf1564a/spring-boot-starter-logging-1.5.8.RELEASE.jar:/Users/z001vd4/.gradle/caches/modules-2/files-2.1/org.springframework/spring-core/4.3.12.RELEASE/4cebc69478c6d350dbd5af28e3db7d5694f416e3/spring-core-4.3.12.RELEASE.jar:/Users/z001vd4/.gradle/caches/modules-2/files-2.1/org.yaml/snakeyaml/1.17/7a27ea250c5130b2922b86dea63cbb1cc10a660c/snakeyaml-1.17.jar:/Users/z001vd4/.gradle/caches/modules-2/files-2.1/org.springframework.boot/spring-boot-test/1.5.8.RELEASE/17dedee86d1a9e9bd409d715fd90650ca1049659/spring-boot-test-1.5.8.RELEASE.jar:/Users/z001vd4/.gradle/caches/modules-2/files-2.1/org.springframework.boot/spring-boot-test-autoconfigure/1.5.8.RELEASE/a8f986cc4b6ecef1417fe50c20984f12f54d15cc/spring-boot-test-autoconfigure-1.5.8.RELEASE.jar:/Users/z001vd4/.gradle/caches/modules-2/files-2.1/com.jayway.jsonpath/json-path/2.2.0/22290d17944bd239fabf5ac69005a60a7ecbbbcb/json-path-2.2.0.jar:/Users/z001vd4/.gradle/caches/modules-2/files-2.1/junit/junit/4.12/2973d150c0dc1fefe998f834810d68f278ea58ec/junit-4.12.jar:/Users/z001vd4/.gradle/caches/modules-2/files-2.1/org.assertj/assertj-core/2.6.0/b532c3fc4f66bcfee4989a3514f1cd56203a33ad/assertj-core-2.6.0.jar:/Users/z001vd4/.gradle/caches/modules-2/files-2.1/org.mockito/mockito-core/1.10.19/e8546f5bef4e061d8dd73895b4e8f40e3fe6effe/mockito-core-1.10.19.jar:/Users/z001vd4/.gradle/caches/modules-2/files-2.1/org.hamcrest/hamcrest-core/1.3/42a25dc3219429f0e5d060061f71acb49bf010a0/hamcrest-core-1.3.jar:/Users/z001vd4/.gradle/caches/modules-2/files-2.1/org.hamcrest/hamcrest-library/1.3/4785a3c21320980282f9f33d0d1264a69040538f/hamcrest-library-1.3.jar:/Users/z001vd4/.gradle/caches/modules-2/files-2.1/org.skyscreamer/jsonassert/1.4.0/9cdbb373a06f6513e51e8c545ee6a5e981463edb/jsonassert-1.4.0.jar:/Users/z001vd4/.gradle/caches/modules-2/files-2.1/org.springframework/spring-test/4.3.12.RELEASE/825a7ac1014528db722a6cc94cceaef2410cb314/spring-test-4.3.12.RELEASE.jar:/Users/z001vd4/.gradle/caches/modules-2/files-2.1/org.springframework/spring-context/4.3.12.RELEASE/5e6d26f36636f36b7efec1d6a0c5991284fbd95b/spring-context-4.3.12.RELEASE.jar:/Users/z001vd4/.gradle/caches/modules-2/files-2.1/ch.qos.logback/logback-classic/1.1.11/ccedfbacef4a6515d2983e3f89ed753d5d4fb665/logback-classic-1.1.11.jar:/Users/z001vd4/.gradle/caches/modules-2/files-2.1/org.slf4j/jcl-over-slf4j/1.7.25/f8c32b13ff142a513eeb5b6330b1588dcb2c0461/jcl-over-slf4j-1.7.25.jar:/Users/z001vd4/.gradle/caches/modules-2/files-2.1/org.slf4j/jul-to-slf4j/1.7.25/af5364cd6679bfffb114f0dec8a157aaa283b76/jul-to-slf4j-1.7.25.jar:/Users/z001vd4/.gradle/caches/modules-2/files-2.1/org.slf4j/log4j-over-slf4j/1.7.25/a87bb47468f47ee7aabbd54f93e133d4215769c3/log4j-over-slf4j-1.7.25.jar:/Users/z001vd4/.gradle/caches/modules-2/files-2.1/net.minidev/json-smart/2.2.1/5b9e5df7a62d1279b70dc882b041d249c4f0b002/json-smart-2.2.1.jar:/Users/z001vd4/.gradle/caches/modules-2/files-2.1/org.slf4j/slf4j-api/1.7.25/da76ca59f6a57ee3102f8f9bd9cee742973efa8a/slf4j-api-1.7.25.jar:/Users/z001vd4/.gradle/caches/modules-2/files-2.1/org.objenesis/objenesis/2.1/87c0ea803b69252868d09308b4618f766f135a96/objenesis-2.1.jar:/Users/z001vd4/.gradle/caches/modules-2/files-2.1/com.vaadin.external.google/android-json/0.0.20131108.vaadin1/fa26d351fe62a6a17f5cda1287c1c6110dec413f/android-json-0.0.20131108.vaadin1.jar:/Users/z001vd4/.gradle/caches/modules-2/files-2.1/org.springframework/spring-aop/4.3.12.RELEASE/b3fef085902993c2ef874c45c7bfd79296d5a5a4/spring-aop-4.3.12.RELEASE.jar:/Users/z001vd4/.gradle/caches/modules-2/files-2.1/org.springframework/spring-beans/4.3.12.RELEASE/547dd432d47d0f01d9ccbedc4b705f9f7c1240a/spring-beans-4.3.12.RELEASE.jar:/Users/z001vd4/.gradle/caches/modules-2/files-2.1/org.springframework/spring-expression/4.3.12.RELEASE/790f69f6ad7f9da8d4a92c603ad7244c398c8309/spring-expression-4.3.12.RELEASE.jar:/Users/z001vd4/.gradle/caches/modules-2/files-2.1/ch.qos.logback/logback-core/1.1.11/88b8df40340eed549fb07e2613879bf6b006704d/logback-core-1.1.11.jar:/Users/z001vd4/.gradle/caches/modules-2/files-2.1/net.minidev/accessors-smart/1.1/a527213f2fea112a04c9bdf0ec0264e34104cd08/accessors-smart-1.1.jar:/Users/z001vd4/.gradle/caches/modules-2/files-2.1/org.ow2.asm/asm/5.0.3/dcc2193db20e19e1feca8b1240dbbc4e190824fa/asm-5.0.3.jar, user.name=z001vd4, java.vm.specification.version=1.8, sun.java.command=worker.org.gradle.process.internal.worker.GradleWorkerMain 'Gradle Test Executor 1', java.home=/Library/Java/JavaVirtualMachines/jdk1.8.0_151.jdk/Contents/Home/jre, sun.arch.data.model=64, user.language=en, java.specification.vendor=Oracle Corporation, awt.toolkit=sun.lwawt.macosx.LWCToolkit, java.vm.info=mixed mode, java.version=1.8.0_151, java.ext.dirs=/Users/z001vd4/Library/Java/Extensions:/Library/Java/JavaVirtualMachines/jdk1.8.0_151.jdk/Contents/Home/jre/lib/ext:/Library/Java/Extensions:/Network/Library/Java/Extensions:/System/Library/Java/Extensions:/usr/lib/java, sun.boot.class.path=/Library/Java/JavaVirtualMachines/jdk1.8.0_151.jdk/Contents/Home/jre/lib/resources.jar:/Library/Java/JavaVirtualMachines/jdk1.8.0_151.jdk/Contents/Home/jre/lib/rt.jar:/Library/Java/JavaVirtualMachines/jdk1.8.0_151.jdk/Contents/Home/jre/lib/sunrsasign.jar:/Library/Java/JavaVirtualMachines/jdk1.8.0_151.jdk/Contents/Home/jre/lib/jsse.jar:/Library/Java/JavaVirtualMachines/jdk1.8.0_151.jdk/Contents/Home/jre/lib/jce.jar:/Library/Java/JavaVirtualMachines/jdk1.8.0_151.jdk/Contents/Home/jre/lib/charsets.jar:/Library/Java/JavaVirtualMachines/jdk1.8.0_151.jdk/Contents/Home/jre/lib/jfr.jar:/Library/Java/JavaVirtualMachines/jdk1.8.0_151.jdk/Contents/Home/jre/classes, java.vendor=Oracle Corporation, org.gradle.test.worker=1, file.separator=/, java.vendor.url.bug=http://bugreport.sun.com/bugreport/, sun.io.unicode.encoding=UnicodeBig, sun.cpu.endian=little, sun.cpu.isalist=}}, SystemEnvironmentPropertySource@1993424890 {name='systemEnvironment', properties={PATH=/anaconda3/bin:/opt/chefdk/bin:/Users/z001vd4/.chefdk/gem/ruby/2.3.0/bin:/opt/chefdk/embedded/bin:/usr/local/bin:/usr/bin:/bin:/usr/sbin:/sbin:/opt/chefdk/gitbin, APP_ICON_97839=/Users/z001vd4/Desktop/Chinmay/Docs/CardsInnGame/media/gradle.icns, JAVA_ARCH=x86_64, JAVA_MAIN_CLASS_97839=org.gradle.wrapper.GradleWrapperMain, TERM=xterm-256color, APP_NAME_97839=Gradle, LANG=en_US.UTF-8, JAVA_MAIN_CLASS_97893=worker.org.gradle.process.internal.worker.GradleWorkerMain, LOGNAME=z001vd4, XPC_SERVICE_NAME=0, PWD=/Users/z001vd4/Desktop/Chinmay/Docs/CardsInnGame, TERM_PROGRAM_VERSION=388.1.1, SSL_CERT_FILE=/Users/z001vd4/.target.crt, SHELL=/bin/bash, TERM_PROGRAM=Apple_Terminal, OLDPWD=/Users/z001vd4/Desktop/Chinmay/Docs/CardsInnGame, USER=z001vd4, GEM_HOME=/Users/z001vd4/.chefdk/gem/ruby/2.3.0, TMPDIR=/var/folders/1v/3gcpt_8s09gdr148rgmlgdq47cdxkv/T/, SSH_AUTH_SOCK=/private/tmp/com.apple.launchd.RFgzpkNuCk/Listeners, GEM_PATH=/Users/z001vd4/.chefdk/gem/ruby/2.3.0:/opt/chefdk/embedded/lib/ruby/gems/2.3.0, XPC_FLAGS=0x0, TERM_SESSION_ID=5BA06B27-3997-4B0D-8831-C17DF6E9A188, GEM_ROOT=/opt/chefdk/embedded/lib/ruby/gems/2.3.0, __CF_USER_TEXT_ENCODING=0xEC6F65B:0x0:0x0, Apple_PubSub_Socket_Render=/private/tmp/com.apple.launchd.CgiZZaf9cC/Render, com.apple.java.jvmTask=CommandLine, HOME=/Users/z001vd4, SHLVL=1}}]
21:34:42.345 [Test worker] DEBUG org.springframework.core.io.support.PathMatchingResourcePatternResolver - Resolved classpath location [com/cards/cardsInnGame/] to resources [URL [file:/Users/z001vd4/Desktop/Chinmay/Docs/CardsInnGame/build/classes/test/com/cards/cardsInnGame/], URL [file:/Users/z001vd4/Desktop/Chinmay/Docs/CardsInnGame/build/classes/main/com/cards/cardsInnGame/]]
21:34:42.346 [Test worker] DEBUG org.springframework.core.io.support.PathMatchingResourcePatternResolver - Looking for matching resources in directory tree [/Users/z001vd4/Desktop/Chinmay/Docs/CardsInnGame/build/classes/test/com/cards/cardsInnGame]
21:34:42.346 [Test worker] DEBUG org.springframework.core.io.support.PathMatchingResourcePatternResolver - Searching directory [/Users/z001vd4/Desktop/Chinmay/Docs/CardsInnGame/build/classes/test/com/cards/cardsInnGame] for files matching pattern [/Users/z001vd4/Desktop/Chinmay/Docs/CardsInnGame/build/classes/test/com/cards/cardsInnGame/*.class]
21:34:42.348 [Test worker] DEBUG org.springframework.core.io.support.PathMatchingResourcePatternResolver - Looking for matching resources in directory tree [/Users/z001vd4/Desktop/Chinmay/Docs/CardsInnGame/build/classes/main/com/cards/cardsInnGame]
21:34:42.348 [Test worker] DEBUG org.springframework.core.io.support.PathMatchingResourcePatternResolver - Searching directory [/Users/z001vd4/Desktop/Chinmay/Docs/CardsInnGame/build/classes/main/com/cards/cardsInnGame] for files matching pattern [/Users/z001vd4/Desktop/Chinmay/Docs/CardsInnGame/build/classes/main/com/cards/cardsInnGame/*.class]
21:34:42.349 [Test worker] DEBUG org.springframework.core.io.support.PathMatchingResourcePatternResolver - Resolved location pattern [classpath*:com/cards/cardsInnGame/*.class] to resources [file [/Users/z001vd4/Desktop/Chinmay/Docs/CardsInnGame/build/classes/test/com/cards/cardsInnGame/CardsInnGameApplicationTests.class], file [/Users/z001vd4/Desktop/Chinmay/Docs/CardsInnGame/build/classes/main/com/cards/cardsInnGame/CardsInnGameApplication.class]]
21:34:42.386 [Test worker] DEBUG org.springframework.context.annotation.ClassPathScanningCandidateComponentProvider - Identified candidate component class: file [/Users/z001vd4/Desktop/Chinmay/Docs/CardsInnGame/build/classes/main/com/cards/cardsInnGame/CardsInnGameApplication.class]
21:34:42.388 [Test worker] INFO org.springframework.boot.test.context.SpringBootTestContextBootstrapper - Found @SpringBootConfiguration com.cards.cardsInnGame.CardsInnGameApplication for test class com.cards.cardsInnGame.CardsInnGameApplicationTests
21:34:42.390 [Test worker] DEBUG org.springframework.boot.test.context.SpringBootTestContextBootstrapper - @TestExecutionListeners is not present for class [com.cards.cardsInnGame.CardsInnGameApplicationTests]: using defaults.
21:34:42.393 [Test worker] INFO org.springframework.boot.test.context.SpringBootTestContextBootstrapper - Loaded default TestExecutionListener class names from location [META-INF/spring.factories]: [org.springframework.boot.test.mock.mockito.MockitoTestExecutionListener, org.springframework.boot.test.mock.mockito.ResetMocksTestExecutionListener, org.springframework.boot.test.autoconfigure.restdocs.RestDocsTestExecutionListener, org.springframework.boot.test.autoconfigure.web.client.MockRestServiceServerResetTestExecutionListener, org.springframework.boot.test.autoconfigure.web.servlet.MockMvcPrintOnlyOnFailureTestExecutionListener, org.springframework.boot.test.autoconfigure.web.servlet.WebDriverTestExecutionListener, org.springframework.test.context.web.ServletTestExecutionListener, org.springframework.test.context.support.DirtiesContextBeforeModesTestExecutionListener, org.springframework.test.context.support.DependencyInjectionTestExecutionListener, org.springframework.test.context.support.DirtiesContextTestExecutionListener, org.springframework.test.context.transaction.TransactionalTestExecutionListener, org.springframework.test.context.jdbc.SqlScriptsTestExecutionListener]
21:34:42.402 [Test worker] INFO org.springframework.boot.test.context.SpringBootTestContextBootstrapper - Could not instantiate TestExecutionListener [org.springframework.test.context.web.ServletTestExecutionListener]. Specify custom listener classes or make the default listener classes (and their required dependencies) available. Offending class: [javax/servlet/ServletContext]
21:34:42.404 [Test worker] INFO org.springframework.boot.test.context.SpringBootTestContextBootstrapper - Could not instantiate TestExecutionListener [org.springframework.test.context.jdbc.SqlScriptsTestExecutionListener]. Specify custom listener classes or make the default listener classes (and their required dependencies) available. Offending class: [org/springframework/transaction/interceptor/TransactionAttribute]
21:34:42.404 [Test worker] INFO org.springframework.boot.test.context.SpringBootTestContextBootstrapper - Could not instantiate TestExecutionListener [org.springframework.test.context.transaction.TransactionalTestExecutionListener]. Specify custom listener classes or make the default listener classes (and their required dependencies) available. Offending class: [org/springframework/transaction/interceptor/TransactionAttributeSource]
21:34:42.405 [Test worker] INFO org.springframework.boot.test.context.SpringBootTestContextBootstrapper - Using TestExecutionListeners: [org.springframework.test.context.support.DirtiesContextBeforeModesTestExecutionListener@41f467c7, org.springframework.boot.test.autoconfigure.SpringBootDependencyInjectionTestExecutionListener@4564789a, org.springframework.test.context.support.DirtiesContextTestExecutionListener@ae0a93a, org.springframework.boot.test.autoconfigure.web.servlet.WebDriverTestExecutionListener@32adb739, org.springframework.boot.test.mock.mockito.MockitoTestExecutionListener@500534f4, org.springframework.boot.test.autoconfigure.web.client.MockRestServiceServerResetTestExecutionListener@364326c6, org.springframework.boot.test.mock.mockito.ResetMocksTestExecutionListener@3965f04d, org.springframework.boot.test.autoconfigure.web.servlet.MockMvcPrintOnlyOnFailureTestExecutionListener@66ae8c27, org.springframework.boot.test.autoconfigure.restdocs.RestDocsTestExecutionListener@1ff5b692]
21:34:42.407 [Test worker] DEBUG org.springframework.test.annotation.ProfileValueUtils - Retrieved @ProfileValueSourceConfiguration [null] for test class [com.cards.cardsInnGame.CardsInnGameApplicationTests]
21:34:42.407 [Test worker] DEBUG org.springframework.test.annotation.ProfileValueUtils - Retrieved ProfileValueSource type [class org.springframework.test.annotation.SystemProfileValueSource] for class [com.cards.cardsInnGame.CardsInnGameApplicationTests]
21:34:42.408 [Test worker] DEBUG org.springframework.test.annotation.ProfileValueUtils - Retrieved @ProfileValueSourceConfiguration [null] for test class [com.cards.cardsInnGame.CardsInnGameApplicationTests]
21:34:42.408 [Test worker] DEBUG org.springframework.test.annotation.ProfileValueUtils - Retrieved ProfileValueSource type [class org.springframework.test.annotation.SystemProfileValueSource] for class [com.cards.cardsInnGame.CardsInnGameApplicationTests]
21:34:42.412 [Test worker] DEBUG org.springframework.test.context.support.AbstractDirtiesContextTestExecutionListener - Before test class: context [DefaultTestContext@c480b57 testClass = CardsInnGameApplicationTests, testInstance = [null], testMethod = [null], testException = [null], mergedContextConfiguration = [MergedContextConfiguration@402828ee testClass = CardsInnGameApplicationTests, locations = '{}', classes = '{class com.cards.cardsInnGame.CardsInnGameApplication}', contextInitializerClasses = '[]', activeProfiles = '{}', propertySourceLocations = '{}', propertySourceProperties = '{org.springframework.boot.test.context.SpringBootTestContextBootstrapper=true}', contextCustomizers = set[org.springframework.boot.test.context.SpringBootTestContextCustomizer@2a06bcca, org.springframework.boot.test.context.filter.ExcludeFilterContextCustomizer@4cb4f751, org.springframework.boot.test.json.DuplicateJsonObjectContextCustomizerFactory$DuplicateJsonObjectContextCustomizer@1eef5ddd, org.springframework.boot.test.mock.mockito.MockitoContextCustomizer@0, org.springframework.boot.test.autoconfigure.properties.PropertyMappingContextCustomizer@0, org.springframework.boot.test.autoconfigure.web.servlet.WebDriverContextCustomizerFactory$Customizer@1e63d62a], contextLoader = 'org.springframework.boot.test.context.SpringBootContextLoader', parent = [null]]], class annotated with @DirtiesContext [false] with mode [null].
21:34:42.413 [Test worker] DEBUG org.springframework.test.annotation.ProfileValueUtils - Retrieved @ProfileValueSourceConfiguration [null] for test class [com.cards.cardsInnGame.CardsInnGameApplicationTests]
21:34:42.413 [Test worker] DEBUG org.springframework.test.annotation.ProfileValueUtils - Retrieved ProfileValueSource type [class org.springframework.test.annotation.SystemProfileValueSource] for class [com.cards.cardsInnGame.CardsInnGameApplicationTests]
21:34:42.415 [Test worker] DEBUG org.springframework.test.context.support.DependencyInjectionTestExecutionListener - Performing dependency injection for test context [[DefaultTestContext@c480b57 testClass = CardsInnGameApplicationTests, testInstance = com.cards.cardsInnGame.CardsInnGameApplicationTests@65dd8be5, testMethod = [null], testException = [null], mergedContextConfiguration = [MergedContextConfiguration@402828ee testClass = CardsInnGameApplicationTests, locations = '{}', classes = '{class com.cards.cardsInnGame.CardsInnGameApplication}', contextInitializerClasses = '[]', activeProfiles = '{}', propertySourceLocations = '{}', propertySourceProperties = '{org.springframework.boot.test.context.SpringBootTestContextBootstrapper=true}', contextCustomizers = set[org.springframework.boot.test.context.SpringBootTestContextCustomizer@2a06bcca, org.springframework.boot.test.context.filter.ExcludeFilterContextCustomizer@4cb4f751, org.springframework.boot.test.json.DuplicateJsonObjectContextCustomizerFactory$DuplicateJsonObjectContextCustomizer@1eef5ddd, org.springframework.boot.test.mock.mockito.MockitoContextCustomizer@0, org.springframework.boot.test.autoconfigure.properties.PropertyMappingContextCustomizer@0, org.springframework.boot.test.autoconfigure.web.servlet.WebDriverContextCustomizerFactory$Customizer@1e63d62a], contextLoader = 'org.springframework.boot.test.context.SpringBootContextLoader', parent = [null]]]].
21:34:42.461 [Test worker] DEBUG org.springframework.core.env.StandardEnvironment - Adding PropertySource 'systemProperties' with lowest search precedence
21:34:42.462 [Test worker] DEBUG org.springframework.core.env.StandardEnvironment - Adding PropertySource 'systemEnvironment' with lowest search precedence
21:34:42.462 [Test worker] DEBUG org.springframework.core.env.StandardEnvironment - Initialized StandardEnvironment with PropertySources [MapPropertySource@1381647860 {name='systemProperties', properties={java.runtime.name=Java(TM) SE Runtime Environment, sun.boot.library.path=/Library/Java/JavaVirtualMachines/jdk1.8.0_151.jdk/Contents/Home/jre/lib, java.vm.version=25.151-b12, gopherProxySet=false, java.vm.vendor=Oracle Corporation, java.vendor.url=http://java.oracle.com/, path.separator=:, java.vm.name=Java HotSpot(TM) 64-Bit Server VM, file.encoding.pkg=sun.io, sun.java.launcher=SUN_STANDARD, user.country=US, sun.os.patch.level=unknown, java.vm.specification.name=Java Virtual Machine Specification, user.dir=/Users/z001vd4/Desktop/Chinmay/Docs/CardsInnGame, java.runtime.version=1.8.0_151-b12, java.awt.graphicsenv=sun.awt.CGraphicsEnvironment, java.endorsed.dirs=/Library/Java/JavaVirtualMachines/jdk1.8.0_151.jdk/Contents/Home/jre/lib/endorsed, os.arch=x86_64, java.io.tmpdir=/var/folders/1v/3gcpt_8s09gdr148rgmlgdq47cdxkv/T/, line.separator=
, java.vm.specification.vendor=Oracle Corporation, user.variant=, os.name=Mac OS X, sun.jnu.encoding=UTF-8, java.library.path=/Users/z001vd4/Library/Java/Extensions:/Library/Java/Extensions:/Network/Library/Java/Extensions:/System/Library/Java/Extensions:/usr/lib/java:., java.specification.name=Java Platform API Specification, java.class.version=52.0, sun.management.compiler=HotSpot 64-Bit Tiered Compilers, os.version=10.12.6, user.home=/Users/z001vd4, user.timezone=America/Chicago, java.awt.printerjob=sun.lwawt.macosx.CPrinterJob, file.encoding=UTF-8, java.specification.version=1.8, java.class.path=/Users/z001vd4/Desktop/Chinmay/Docs/CardsInnGame/build/classes/test:/Users/z001vd4/Desktop/Chinmay/Docs/CardsInnGame/build/resources/test:/Users/z001vd4/Desktop/Chinmay/Docs/CardsInnGame/build/classes/main:/Users/z001vd4/Desktop/Chinmay/Docs/CardsInnGame/build/resources/main:/Users/z001vd4/.gradle/caches/modules-2/files-2.1/org.springframework.boot/spring-boot-starter/1.5.8.RELEASE/18048efe1f06569022a53cc3fb2fe9c0162935a3/spring-boot-starter-1.5.8.RELEASE.jar:/Users/z001vd4/.gradle/caches/modules-2/files-2.1/org.springframework.boot/spring-boot-starter-test/1.5.8.RELEASE/20b767f594924b32950286f1236ab7d68ff861f9/spring-boot-starter-test-1.5.8.RELEASE.jar:/Users/z001vd4/.gradle/caches/modules-2/files-2.1/org.springframework.boot/spring-boot/1.5.8.RELEASE/748ebde51761e12627ad23d064024f342b18f9b4/spring-boot-1.5.8.RELEASE.jar:/Users/z001vd4/.gradle/caches/modules-2/files-2.1/org.springframework.boot/spring-boot-autoconfigure/1.5.8.RELEASE/e4f2efa4c319f4e3613d94fbccfdb5ccda6873e3/spring-boot-autoconfigure-1.5.8.RELEASE.jar:/Users/z001vd4/.gradle/caches/modules-2/files-2.1/org.springframework.boot/spring-boot-starter-logging/1.5.8.RELEASE/ebc00a0e46753d90431fdcc5e3d6b9fd3bf1564a/spring-boot-starter-logging-1.5.8.RELEASE.jar:/Users/z001vd4/.gradle/caches/modules-2/files-2.1/org.springframework/spring-core/4.3.12.RELEASE/4cebc69478c6d350dbd5af28e3db7d5694f416e3/spring-core-4.3.12.RELEASE.jar:/Users/z001vd4/.gradle/caches/modules-2/files-2.1/org.yaml/snakeyaml/1.17/7a27ea250c5130b2922b86dea63cbb1cc10a660c/snakeyaml-1.17.jar:/Users/z001vd4/.gradle/caches/modules-2/files-2.1/org.springframework.boot/spring-boot-test/1.5.8.RELEASE/17dedee86d1a9e9bd409d715fd90650ca1049659/spring-boot-test-1.5.8.RELEASE.jar:/Users/z001vd4/.gradle/caches/modules-2/files-2.1/org.springframework.boot/spring-boot-test-autoconfigure/1.5.8.RELEASE/a8f986cc4b6ecef1417fe50c20984f12f54d15cc/spring-boot-test-autoconfigure-1.5.8.RELEASE.jar:/Users/z001vd4/.gradle/caches/modules-2/files-2.1/com.jayway.jsonpath/json-path/2.2.0/22290d17944bd239fabf5ac69005a60a7ecbbbcb/json-path-2.2.0.jar:/Users/z001vd4/.gradle/caches/modules-2/files-2.1/junit/junit/4.12/2973d150c0dc1fefe998f834810d68f278ea58ec/junit-4.12.jar:/Users/z001vd4/.gradle/caches/modules-2/files-2.1/org.assertj/assertj-core/2.6.0/b532c3fc4f66bcfee4989a3514f1cd56203a33ad/assertj-core-2.6.0.jar:/Users/z001vd4/.gradle/caches/modules-2/files-2.1/org.mockito/mockito-core/1.10.19/e8546f5bef4e061d8dd73895b4e8f40e3fe6effe/mockito-core-1.10.19.jar:/Users/z001vd4/.gradle/caches/modules-2/files-2.1/org.hamcrest/hamcrest-core/1.3/42a25dc3219429f0e5d060061f71acb49bf010a0/hamcrest-core-1.3.jar:/Users/z001vd4/.gradle/caches/modules-2/files-2.1/org.hamcrest/hamcrest-library/1.3/4785a3c21320980282f9f33d0d1264a69040538f/hamcrest-library-1.3.jar:/Users/z001vd4/.gradle/caches/modules-2/files-2.1/org.skyscreamer/jsonassert/1.4.0/9cdbb373a06f6513e51e8c545ee6a5e981463edb/jsonassert-1.4.0.jar:/Users/z001vd4/.gradle/caches/modules-2/files-2.1/org.springframework/spring-test/4.3.12.RELEASE/825a7ac1014528db722a6cc94cceaef2410cb314/spring-test-4.3.12.RELEASE.jar:/Users/z001vd4/.gradle/caches/modules-2/files-2.1/org.springframework/spring-context/4.3.12.RELEASE/5e6d26f36636f36b7efec1d6a0c5991284fbd95b/spring-context-4.3.12.RELEASE.jar:/Users/z001vd4/.gradle/caches/modules-2/files-2.1/ch.qos.logback/logback-classic/1.1.11/ccedfbacef4a6515d2983e3f89ed753d5d4fb665/logback-classic-1.1.11.jar:/Users/z001vd4/.gradle/caches/modules-2/files-2.1/org.slf4j/jcl-over-slf4j/1.7.25/f8c32b13ff142a513eeb5b6330b1588dcb2c0461/jcl-over-slf4j-1.7.25.jar:/Users/z001vd4/.gradle/caches/modules-2/files-2.1/org.slf4j/jul-to-slf4j/1.7.25/af5364cd6679bfffb114f0dec8a157aaa283b76/jul-to-slf4j-1.7.25.jar:/Users/z001vd4/.gradle/caches/modules-2/files-2.1/org.slf4j/log4j-over-slf4j/1.7.25/a87bb47468f47ee7aabbd54f93e133d4215769c3/log4j-over-slf4j-1.7.25.jar:/Users/z001vd4/.gradle/caches/modules-2/files-2.1/net.minidev/json-smart/2.2.1/5b9e5df7a62d1279b70dc882b041d249c4f0b002/json-smart-2.2.1.jar:/Users/z001vd4/.gradle/caches/modules-2/files-2.1/org.slf4j/slf4j-api/1.7.25/da76ca59f6a57ee3102f8f9bd9cee742973efa8a/slf4j-api-1.7.25.jar:/Users/z001vd4/.gradle/caches/modules-2/files-2.1/org.objenesis/objenesis/2.1/87c0ea803b69252868d09308b4618f766f135a96/objenesis-2.1.jar:/Users/z001vd4/.gradle/caches/modules-2/files-2.1/com.vaadin.external.google/android-json/0.0.20131108.vaadin1/fa26d351fe62a6a17f5cda1287c1c6110dec413f/android-json-0.0.20131108.vaadin1.jar:/Users/z001vd4/.gradle/caches/modules-2/files-2.1/org.springframework/spring-aop/4.3.12.RELEASE/b3fef085902993c2ef874c45c7bfd79296d5a5a4/spring-aop-4.3.12.RELEASE.jar:/Users/z001vd4/.gradle/caches/modules-2/files-2.1/org.springframework/spring-beans/4.3.12.RELEASE/547dd432d47d0f01d9ccbedc4b705f9f7c1240a/spring-beans-4.3.12.RELEASE.jar:/Users/z001vd4/.gradle/caches/modules-2/files-2.1/org.springframework/spring-expression/4.3.12.RELEASE/790f69f6ad7f9da8d4a92c603ad7244c398c8309/spring-expression-4.3.12.RELEASE.jar:/Users/z001vd4/.gradle/caches/modules-2/files-2.1/ch.qos.logback/logback-core/1.1.11/88b8df40340eed549fb07e2613879bf6b006704d/logback-core-1.1.11.jar:/Users/z001vd4/.gradle/caches/modules-2/files-2.1/net.minidev/accessors-smart/1.1/a527213f2fea112a04c9bdf0ec0264e34104cd08/accessors-smart-1.1.jar:/Users/z001vd4/.gradle/caches/modules-2/files-2.1/org.ow2.asm/asm/5.0.3/dcc2193db20e19e1feca8b1240dbbc4e190824fa/asm-5.0.3.jar, user.name=z001vd4, java.vm.specification.version=1.8, sun.java.command=worker.org.gradle.process.internal.worker.GradleWorkerMain 'Gradle Test Executor 1', java.home=/Library/Java/JavaVirtualMachines/jdk1.8.0_151.jdk/Contents/Home/jre, sun.arch.data.model=64, user.language=en, java.specification.vendor=Oracle Corporation, awt.toolkit=sun.lwawt.macosx.LWCToolkit, java.vm.info=mixed mode, java.version=1.8.0_151, java.ext.dirs=/Users/z001vd4/Library/Java/Extensions:/Library/Java/JavaVirtualMachines/jdk1.8.0_151.jdk/Contents/Home/jre/lib/ext:/Library/Java/Extensions:/Network/Library/Java/Extensions:/System/Library/Java/Extensions:/usr/lib/java, sun.boot.class.path=/Library/Java/JavaVirtualMachines/jdk1.8.0_151.jdk/Contents/Home/jre/lib/resources.jar:/Library/Java/JavaVirtualMachines/jdk1.8.0_151.jdk/Contents/Home/jre/lib/rt.jar:/Library/Java/JavaVirtualMachines/jdk1.8.0_151.jdk/Contents/Home/jre/lib/sunrsasign.jar:/Library/Java/JavaVirtualMachines/jdk1.8.0_151.jdk/Contents/Home/jre/lib/jsse.jar:/Library/Java/JavaVirtualMachines/jdk1.8.0_151.jdk/Contents/Home/jre/lib/jce.jar:/Library/Java/JavaVirtualMachines/jdk1.8.0_151.jdk/Contents/Home/jre/lib/charsets.jar:/Library/Java/JavaVirtualMachines/jdk1.8.0_151.jdk/Contents/Home/jre/lib/jfr.jar:/Library/Java/JavaVirtualMachines/jdk1.8.0_151.jdk/Contents/Home/jre/classes, java.vendor=Oracle Corporation, org.gradle.test.worker=1, file.separator=/, java.vendor.url.bug=http://bugreport.sun.com/bugreport/, sun.io.unicode.encoding=UnicodeBig, sun.cpu.endian=little, sun.cpu.isalist=}}, SystemEnvironmentPropertySource@283772519 {name='systemEnvironment', properties={PATH=/anaconda3/bin:/opt/chefdk/bin:/Users/z001vd4/.chefdk/gem/ruby/2.3.0/bin:/opt/chefdk/embedded/bin:/usr/local/bin:/usr/bin:/bin:/usr/sbin:/sbin:/opt/chefdk/gitbin, APP_ICON_97839=/Users/z001vd4/Desktop/Chinmay/Docs/CardsInnGame/media/gradle.icns, JAVA_ARCH=x86_64, JAVA_MAIN_CLASS_97839=org.gradle.wrapper.GradleWrapperMain, TERM=xterm-256color, APP_NAME_97839=Gradle, LANG=en_US.UTF-8, JAVA_MAIN_CLASS_97893=worker.org.gradle.process.internal.worker.GradleWorkerMain, LOGNAME=z001vd4, XPC_SERVICE_NAME=0, PWD=/Users/z001vd4/Desktop/Chinmay/Docs/CardsInnGame, TERM_PROGRAM_VERSION=388.1.1, SSL_CERT_FILE=/Users/z001vd4/.target.crt, SHELL=/bin/bash, TERM_PROGRAM=Apple_Terminal, OLDPWD=/Users/z001vd4/Desktop/Chinmay/Docs/CardsInnGame, USER=z001vd4, GEM_HOME=/Users/z001vd4/.chefdk/gem/ruby/2.3.0, TMPDIR=/var/folders/1v/3gcpt_8s09gdr148rgmlgdq47cdxkv/T/, SSH_AUTH_SOCK=/private/tmp/com.apple.launchd.RFgzpkNuCk/Listeners, GEM_PATH=/Users/z001vd4/.chefdk/gem/ruby/2.3.0:/opt/chefdk/embedded/lib/ruby/gems/2.3.0, XPC_FLAGS=0x0, TERM_SESSION_ID=5BA06B27-3997-4B0D-8831-C17DF6E9A188, GEM_ROOT=/opt/chefdk/embedded/lib/ruby/gems/2.3.0, __CF_USER_TEXT_ENCODING=0xEC6F65B:0x0:0x0, Apple_PubSub_Socket_Render=/private/tmp/com.apple.launchd.CgiZZaf9cC/Render, com.apple.java.jvmTask=CommandLine, HOME=/Users/z001vd4, SHLVL=1}}]
21:34:42.464 [Test worker] DEBUG org.springframework.core.env.MutablePropertySources - Adding PropertySource 'inline' with highest search precedence
21:34:42.467 [Test worker] DEBUG org.springframework.test.context.support.TestPropertySourceUtils - Adding inlined properties to environment: {spring.jmx.enabled=false, org.springframework.boot.test.context.SpringBootTestContextBootstrapper=true, server.port=-1}
21:34:42.468 [Test worker] DEBUG org.springframework.core.env.StandardEnvironment - Adding PropertySource 'Inlined Test Properties' with highest search precedence

  .   ____          _            __ _ _
 /\\ / ___'_ __ _ _(_)_ __  __ _ \ \ \ \
( ( )\___ | '_ | '_| | '_ \/ _` | \ \ \ \
 \\/  ___)| |_)| | | | | || (_| |  ) ) ) )
  '  |____| .__|_| |_|_| |_\__, | / / / /
 =========|_|==============|___/=/_/_/_/
 :: Spring Boot ::        (v1.5.8.RELEASE)

2018-07-23 21:34:42.671  INFO 97893 --- [    Test worker] c.c.c.CardsInnGameApplicationTests       : Starting CardsInnGameApplicationTests on 8c85902bd64c with PID 97893 (started by z001vd4 in /Users/z001vd4/Desktop/Chinmay/Docs/CardsInnGame)
2018-07-23 21:34:42.672  INFO 97893 --- [    Test worker] c.c.c.CardsInnGameApplicationTests       : No active profile set, falling back to default profiles: default
2018-07-23 21:34:42.688  INFO 97893 --- [    Test worker] s.c.a.AnnotationConfigApplicationContext : Refreshing org.springframework.context.annotation.AnnotationConfigApplicationContext@541cc62e: startup date [Mon Jul 23 21:34:42 CDT 2018]; root of context hierarchy
2018-07-23 21:34:43.016  INFO 97893 --- [    Test worker] c.c.c.controller.CardGameController      : configuring game
here
2018-07-23 21:34:43.018  INFO 97893 --- [    Test worker] c.c.c.controller.CardGameController      : configure four players
2018-07-23 21:34:43.019  INFO 97893 --- [    Test worker] c.c.c.controller.CardGameController      : creating a deck now
2018-07-23 21:34:43.020  INFO 97893 --- [    Test worker] c.c.c.controller.CardGameController      : setting the deck
2018-07-23 21:34:43.020  INFO 97893 --- [    Test worker] c.c.c.controller.CardGameController      : Assigning new Hands to our four players
2018-07-23 21:34:43.020  INFO 97893 --- [    Test worker] c.c.c.controller.CardGameController      : starting game
2018-07-23 21:34:43.020  INFO 97893 --- [    Test worker] c.c.c.controller.CardGameController      : Shuffling the deck now
2018-07-23 21:34:43.021  INFO 97893 --- [    Test worker] c.c.c.controller.CardGameController      : dealing hands now
2018-07-23 21:34:43.021  INFO 97893 --- [    Test worker] c.c.c.controller.CardGameController      : removing the cards and adding them to the players hand 
2018-07-23 21:34:43.021  INFO 97893 --- [    Test worker] c.c.c.controller.CardGameController      : deciding the winner now
2018-07-23 21:34:43.022  INFO 97893 --- [    Test worker] c.c.c.controller.CardGameController      : Start the poker game
2018-07-23 21:34:43.022  INFO 97893 --- [    Test worker] c.c.c.controller.CardGameController      : Pair
poker winner player3
2018-07-23 21:34:43.023  INFO 97893 --- [    Test worker] c.c.c.controller.CardGameController      : updating the score for the player
com.cards.cardsInnGame.model.Player@69241a9b
2018-07-23 21:34:43.023  INFO 97893 --- [    Test worker] c.c.c.controller.CardGameController      : Dealer taking back all the cards from players and putting them at the bottom of the deck
size before refill322018-07-23 21:34:43.023  INFO 97893 --- [    Test worker] c.c.c.controller.CardGameController      : creating a new deck and replacing it with a new one
2018-07-23 21:34:43.023  INFO 97893 --- [    Test worker] c.c.c.controller.CardGameController      : creating a deck now
2018-07-23 21:34:43.023  INFO 97893 --- [    Test worker] c.c.c.controller.CardGameController      : setting the deck
2018-07-23 21:34:43.023  INFO 97893 --- [    Test worker] c.c.c.controller.CardGameController      : Assigning new Hands to our four players
2018-07-23 21:34:43.023  INFO 97893 --- [    Test worker] c.c.c.controller.CardGameController      : dealing hands now
2018-07-23 21:34:43.023  INFO 97893 --- [    Test worker] c.c.c.controller.CardGameController      : removing the cards and adding them to the players hand 
2018-07-23 21:34:43.024  INFO 97893 --- [    Test worker] c.c.c.controller.CardGameController      : deciding the winner now
2018-07-23 21:34:43.024  INFO 97893 --- [    Test worker] c.c.c.controller.CardGameController      : Start the poker game
[com.cards.cardsInnGame.model.Player@19038dde, com.cards.cardsInnGame.model.Player@69241a9b, com.cards.cardsInnGame.model.Player@28519cce][CLUBS FIVE, CLUBS SEVEN, DIAMONDS QUEEN]2018-07-23 21:34:43.024  INFO 97893 --- [    Test worker] c.c.c.controller.CardGameController      : Pair
[com.cards.cardsInnGame.model.Player@19038dde, com.cards.cardsInnGame.model.Player@69241a9b, com.cards.cardsInnGame.model.Player@28519cce][CLUBS FIVE, CLUBS SEVEN, DIAMONDS QUEEN]poker winner player3
2018-07-23 21:34:43.024  INFO 97893 --- [    Test worker] c.c.c.controller.CardGameController      : updating the score for the player
com.cards.cardsInnGame.model.Player@69241a9b
2018-07-23 21:34:43.024  INFO 97893 --- [    Test worker] c.c.c.controller.CardGameController      : Dealer taking back all the cards from players and putting them at the bottom of the deck
size before refill322018-07-23 21:34:43.024  INFO 97893 --- [    Test worker] c.c.c.controller.CardGameController      : creating a new deck and replacing it with a new one
2018-07-23 21:34:43.024  INFO 97893 --- [    Test worker] c.c.c.controller.CardGameController      : creating a deck now
2018-07-23 21:34:43.025  INFO 97893 --- [    Test worker] c.c.c.controller.CardGameController      : setting the deck
2018-07-23 21:34:43.025  INFO 97893 --- [    Test worker] c.c.c.controller.CardGameController      : Assigning new Hands to our four players
2018-07-23 21:34:43.025  INFO 97893 --- [    Test worker] c.c.c.controller.CardGameController      : dealing hands now
2018-07-23 21:34:43.025  INFO 97893 --- [    Test worker] c.c.c.controller.CardGameController      : removing the cards and adding them to the players hand 
2018-07-23 21:34:43.025  INFO 97893 --- [    Test worker] c.c.c.controller.CardGameController      : deciding the winner now
2018-07-23 21:34:43.025  INFO 97893 --- [    Test worker] c.c.c.controller.CardGameController      : Start the poker game
[com.cards.cardsInnGame.model.Player@19038dde, com.cards.cardsInnGame.model.Player@28519cce][HEARTS EIGHT, DIAMONDS NINE]2018-07-23 21:34:43.025  INFO 97893 --- [    Test worker] c.c.c.controller.CardGameController      : Pair
[com.cards.cardsInnGame.model.Player@19038dde, com.cards.cardsInnGame.model.Player@28519cce][HEARTS EIGHT, DIAMONDS NINE]poker winner player4
2018-07-23 21:34:43.025  INFO 97893 --- [    Test worker] c.c.c.controller.CardGameController      : updating the score for the player
com.cards.cardsInnGame.model.Player@28519cce
2018-07-23 21:34:43.026  INFO 97893 --- [    Test worker] c.c.c.controller.CardGameController      : Dealer taking back all the cards from players and putting them at the bottom of the deck
size before refill322018-07-23 21:34:43.026  INFO 97893 --- [    Test worker] c.c.c.controller.CardGameController      : creating a new deck and replacing it with a new one
2018-07-23 21:34:43.026  INFO 97893 --- [    Test worker] c.c.c.controller.CardGameController      : creating a deck now
2018-07-23 21:34:43.026  INFO 97893 --- [    Test worker] c.c.c.controller.CardGameController      : setting the deck
2018-07-23 21:34:43.026  INFO 97893 --- [    Test worker] c.c.c.controller.CardGameController      : Assigning new Hands to our four players
2018-07-23 21:34:43.026  INFO 97893 --- [    Test worker] c.c.c.controller.CardGameController      : dealing hands now
2018-07-23 21:34:43.026  INFO 97893 --- [    Test worker] c.c.c.controller.CardGameController      : removing the cards and adding them to the players hand 
2018-07-23 21:34:43.026  INFO 97893 --- [    Test worker] c.c.c.controller.CardGameController      : deciding the winner now
2018-07-23 21:34:43.026  INFO 97893 --- [    Test worker] c.c.c.controller.CardGameController      : Start the poker game
[com.cards.cardsInnGame.model.Player@4dc3d151, com.cards.cardsInnGame.model.Player@69241a9b, com.cards.cardsInnGame.model.Player@28519cce][CLUBS TWO, DIAMONDS SIX, CLUBS JACK]2018-07-23 21:34:43.027  INFO 97893 --- [    Test worker] c.c.c.controller.CardGameController      : Awesome ! Its a straight
poker winner player2
2018-07-23 21:34:43.027  INFO 97893 --- [    Test worker] c.c.c.controller.CardGameController      : updating the score for the player
com.cards.cardsInnGame.model.Player@69241a9b
2018-07-23 21:34:43.027  INFO 97893 --- [    Test worker] c.c.c.controller.CardGameController      : Dealer taking back all the cards from players and putting them at the bottom of the deck
size before refill322018-07-23 21:34:43.027  INFO 97893 --- [    Test worker] c.c.c.controller.CardGameController      : creating a new deck and replacing it with a new one
2018-07-23 21:34:43.027  INFO 97893 --- [    Test worker] c.c.c.controller.CardGameController      : creating a deck now
2018-07-23 21:34:43.027  INFO 97893 --- [    Test worker] c.c.c.controller.CardGameController      : setting the deck
2018-07-23 21:34:43.027  INFO 97893 --- [    Test worker] c.c.c.controller.CardGameController      : Assigning new Hands to our four players
2018-07-23 21:34:43.027  INFO 97893 --- [    Test worker] c.c.c.controller.CardGameController      : dealing hands now
2018-07-23 21:34:43.027  INFO 97893 --- [    Test worker] c.c.c.controller.CardGameController      : removing the cards and adding them to the players hand 
2018-07-23 21:34:43.027  INFO 97893 --- [    Test worker] c.c.c.controller.CardGameController      : deciding the winner now
2018-07-23 21:34:43.027  INFO 97893 --- [    Test worker] c.c.c.controller.CardGameController      : Start the poker game
[com.cards.cardsInnGame.model.Player@19038dde, com.cards.cardsInnGame.model.Player@4dc3d151, com.cards.cardsInnGame.model.Player@28519cce][DIAMONDS THREE, CLUBS THREE, CLUBS SEVEN]2018-07-23 21:34:43.028  INFO 97893 --- [    Test worker] c.c.c.controller.CardGameController      : Pair
[com.cards.cardsInnGame.model.Player@19038dde, com.cards.cardsInnGame.model.Player@4dc3d151, com.cards.cardsInnGame.model.Player@28519cce][DIAMONDS THREE, CLUBS THREE, CLUBS SEVEN]poker winner player4
2018-07-23 21:34:43.028  INFO 97893 --- [    Test worker] c.c.c.controller.CardGameController      : updating the score for the player
com.cards.cardsInnGame.model.Player@28519cce
2018-07-23 21:34:43.028  INFO 97893 --- [    Test worker] c.c.c.controller.CardGameController      : Dealer taking back all the cards from players and putting them at the bottom of the deck
size before refill322018-07-23 21:34:43.028  INFO 97893 --- [    Test worker] c.c.c.controller.CardGameController      : creating a new deck and replacing it with a new one
2018-07-23 21:34:43.028  INFO 97893 --- [    Test worker] c.c.c.controller.CardGameController      : creating a deck now
2018-07-23 21:34:43.028  INFO 97893 --- [    Test worker] c.c.c.controller.CardGameController      : setting the deck
2018-07-23 21:34:43.028  INFO 97893 --- [    Test worker] c.c.c.controller.CardGameController      : Assigning new Hands to our four players
2018-07-23 21:34:43.028  INFO 97893 --- [    Test worker] c.c.c.controller.CardGameController      : dealing hands now
2018-07-23 21:34:43.029  INFO 97893 --- [    Test worker] c.c.c.controller.CardGameController      : removing the cards and adding them to the players hand 
2018-07-23 21:34:43.029  INFO 97893 --- [    Test worker] c.c.c.controller.CardGameController      : deciding the winner now
2018-07-23 21:34:43.029  INFO 97893 --- [    Test worker] c.c.c.controller.CardGameController      : Start the poker game
2018-07-23 21:34:43.029  INFO 97893 --- [    Test worker] c.c.c.controller.CardGameController      : Pair
poker winner player4
2018-07-23 21:34:43.029  INFO 97893 --- [    Test worker] c.c.c.controller.CardGameController      : updating the score for the player
com.cards.cardsInnGame.model.Player@28519cce
2018-07-23 21:34:43.029  INFO 97893 --- [    Test worker] c.c.c.controller.CardGameController      : Dealer taking back all the cards from players and putting them at the bottom of the deck
size before refill322018-07-23 21:34:43.029  INFO 97893 --- [    Test worker] c.c.c.controller.CardGameController      : creating a new deck and replacing it with a new one
2018-07-23 21:34:43.029  INFO 97893 --- [    Test worker] c.c.c.controller.CardGameController      : creating a deck now
2018-07-23 21:34:43.029  INFO 97893 --- [    Test worker] c.c.c.controller.CardGameController      : setting the deck
2018-07-23 21:34:43.029  INFO 97893 --- [    Test worker] c.c.c.controller.CardGameController      : Assigning new Hands to our four players
2018-07-23 21:34:43.029  INFO 97893 --- [    Test worker] c.c.c.controller.CardGameController      : dealing hands now
2018-07-23 21:34:43.030  INFO 97893 --- [    Test worker] c.c.c.controller.CardGameController      : removing the cards and adding them to the players hand 
2018-07-23 21:34:43.030  INFO 97893 --- [    Test worker] c.c.c.controller.CardGameController      : deciding the winner now
2018-07-23 21:34:43.030  INFO 97893 --- [    Test worker] c.c.c.controller.CardGameController      : Start the poker game
[com.cards.cardsInnGame.model.Player@4dc3d151, com.cards.cardsInnGame.model.Player@28519cce][CLUBS THREE, CLUBS SIX]2018-07-23 21:34:43.030  INFO 97893 --- [    Test worker] c.c.c.controller.CardGameController      : Pair
[com.cards.cardsInnGame.model.Player@4dc3d151, com.cards.cardsInnGame.model.Player@28519cce][CLUBS THREE, CLUBS SIX]poker winner player2
2018-07-23 21:34:43.030  INFO 97893 --- [    Test worker] c.c.c.controller.CardGameController      : updating the score for the player
com.cards.cardsInnGame.model.Player@4dc3d151
2018-07-23 21:34:43.030  INFO 97893 --- [    Test worker] c.c.c.controller.CardGameController      : Dealer taking back all the cards from players and putting them at the bottom of the deck
size before refill322018-07-23 21:34:43.030  INFO 97893 --- [    Test worker] c.c.c.controller.CardGameController      : creating a new deck and replacing it with a new one
2018-07-23 21:34:43.030  INFO 97893 --- [    Test worker] c.c.c.controller.CardGameController      : creating a deck now
2018-07-23 21:34:43.031  INFO 97893 --- [    Test worker] c.c.c.controller.CardGameController      : setting the deck
2018-07-23 21:34:43.031  INFO 97893 --- [    Test worker] c.c.c.controller.CardGameController      : Assigning new Hands to our four players
2018-07-23 21:34:43.031  INFO 97893 --- [    Test worker] c.c.c.controller.CardGameController      : dealing hands now
2018-07-23 21:34:43.031  INFO 97893 --- [    Test worker] c.c.c.controller.CardGameController      : removing the cards and adding them to the players hand 
2018-07-23 21:34:43.031  INFO 97893 --- [    Test worker] c.c.c.controller.CardGameController      : deciding the winner now
2018-07-23 21:34:43.031  INFO 97893 --- [    Test worker] c.c.c.controller.CardGameController      : Start the poker game
[com.cards.cardsInnGame.model.Player@19038dde, com.cards.cardsInnGame.model.Player@4dc3d151][CLUBS TWO, CLUBS SEVEN]2018-07-23 21:34:43.031  INFO 97893 --- [    Test worker] c.c.c.controller.CardGameController      : You have Two PAIRS !
[com.cards.cardsInnGame.model.Player@19038dde, com.cards.cardsInnGame.model.Player@4dc3d151][CLUBS TEN, DIAMONDS ACE]poker winner player2
2018-07-23 21:34:43.031  INFO 97893 --- [    Test worker] c.c.c.controller.CardGameController      : updating the score for the player
com.cards.cardsInnGame.model.Player@4dc3d151
2018-07-23 21:34:43.031  INFO 97893 --- [    Test worker] c.c.c.controller.CardGameController      : Dealer taking back all the cards from players and putting them at the bottom of the deck
size before refill322018-07-23 21:34:43.032  INFO 97893 --- [    Test worker] c.c.c.controller.CardGameController      : creating a new deck and replacing it with a new one
2018-07-23 21:34:43.032  INFO 97893 --- [    Test worker] c.c.c.controller.CardGameController      : creating a deck now
2018-07-23 21:34:43.032  INFO 97893 --- [    Test worker] c.c.c.controller.CardGameController      : setting the deck
2018-07-23 21:34:43.032  INFO 97893 --- [    Test worker] c.c.c.controller.CardGameController      : Assigning new Hands to our four players
2018-07-23 21:34:43.032  INFO 97893 --- [    Test worker] c.c.c.controller.CardGameController      : dealing hands now
2018-07-23 21:34:43.032  INFO 97893 --- [    Test worker] c.c.c.controller.CardGameController      : removing the cards and adding them to the players hand 
2018-07-23 21:34:43.032  INFO 97893 --- [    Test worker] c.c.c.controller.CardGameController      : deciding the winner now
2018-07-23 21:34:43.032  INFO 97893 --- [    Test worker] c.c.c.controller.CardGameController      : Start the poker game
[com.cards.cardsInnGame.model.Player@4dc3d151, com.cards.cardsInnGame.model.Player@69241a9b][HEARTS THREE, HEARTS EIGHT]2018-07-23 21:34:43.032  INFO 97893 --- [    Test worker] c.c.c.controller.CardGameController      : Pair
[com.cards.cardsInnGame.model.Player@4dc3d151, com.cards.cardsInnGame.model.Player@69241a9b][HEARTS THREE, HEARTS EIGHT]poker winner player2
2018-07-23 21:34:43.032  INFO 97893 --- [    Test worker] c.c.c.controller.CardGameController      : updating the score for the player
com.cards.cardsInnGame.model.Player@4dc3d151
2018-07-23 21:34:43.032  INFO 97893 --- [    Test worker] c.c.c.controller.CardGameController      : Dealer taking back all the cards from players and putting them at the bottom of the deck
size before refill322018-07-23 21:34:43.033  INFO 97893 --- [    Test worker] c.c.c.controller.CardGameController      : creating a new deck and replacing it with a new one
2018-07-23 21:34:43.033  INFO 97893 --- [    Test worker] c.c.c.controller.CardGameController      : creating a deck now
2018-07-23 21:34:43.033  INFO 97893 --- [    Test worker] c.c.c.controller.CardGameController      : setting the deck
2018-07-23 21:34:43.033  INFO 97893 --- [    Test worker] c.c.c.controller.CardGameController      : Assigning new Hands to our four players
2018-07-23 21:34:43.033  INFO 97893 --- [    Test worker] c.c.c.controller.CardGameController      : Shuffling the deck now
2018-07-23 21:34:43.033  INFO 97893 --- [    Test worker] c.c.c.controller.CardGameController      : dealing hands now
2018-07-23 21:34:43.033  INFO 97893 --- [    Test worker] c.c.c.controller.CardGameController      : removing the cards and adding them to the players hand 
2018-07-23 21:34:43.033  INFO 97893 --- [    Test worker] c.c.c.controller.CardGameController      : deciding the winner now
2018-07-23 21:34:43.033  INFO 97893 --- [    Test worker] c.c.c.controller.CardGameController      : Start the poker game
2018-07-23 21:34:43.033  INFO 97893 --- [    Test worker] c.c.c.controller.CardGameController      : Pair
poker winner player4
2018-07-23 21:34:43.034  INFO 97893 --- [    Test worker] c.c.c.controller.CardGameController      : updating the score for the player
com.cards.cardsInnGame.model.Player@28519cce
2018-07-23 21:34:43.034  INFO 97893 --- [    Test worker] c.c.c.controller.CardGameController      : Dealer taking back all the cards from players and putting them at the bottom of the deck
size before refill322018-07-23 21:34:43.034  INFO 97893 --- [    Test worker] c.c.c.controller.CardGameController      : creating a new deck and replacing it with a new one
2018-07-23 21:34:43.034  INFO 97893 --- [    Test worker] c.c.c.controller.CardGameController      : creating a deck now
2018-07-23 21:34:43.034  INFO 97893 --- [    Test worker] c.c.c.controller.CardGameController      : setting the deck
2018-07-23 21:34:43.034  INFO 97893 --- [    Test worker] c.c.c.controller.CardGameController      : Assigning new Hands to our four players
2018-07-23 21:34:43.034  INFO 97893 --- [    Test worker] c.c.c.controller.CardGameController      : dealing hands now
2018-07-23 21:34:43.034  INFO 97893 --- [    Test worker] c.c.c.controller.CardGameController      : removing the cards and adding them to the players hand 
2018-07-23 21:34:43.034  INFO 97893 --- [    Test worker] c.c.c.controller.CardGameController      : deciding the winner now
2018-07-23 21:34:43.034  INFO 97893 --- [    Test worker] c.c.c.controller.CardGameController      : Start the poker game
2018-07-23 21:34:43.034  INFO 97893 --- [    Test worker] c.c.c.controller.CardGameController      : Pair
poker winner player4
2018-07-23 21:34:43.034  INFO 97893 --- [    Test worker] c.c.c.controller.CardGameController      : updating the score for the player
com.cards.cardsInnGame.model.Player@28519cce
2018-07-23 21:34:43.035  INFO 97893 --- [    Test worker] c.c.c.controller.CardGameController      : Dealer taking back all the cards from players and putting them at the bottom of the deck
size before refill322018-07-23 21:34:43.035  INFO 97893 --- [    Test worker] c.c.c.controller.CardGameController      : creating a new deck and replacing it with a new one
2018-07-23 21:34:43.035  INFO 97893 --- [    Test worker] c.c.c.controller.CardGameController      : creating a deck now
2018-07-23 21:34:43.035  INFO 97893 --- [    Test worker] c.c.c.controller.CardGameController      : setting the deck
2018-07-23 21:34:43.035  INFO 97893 --- [    Test worker] c.c.c.controller.CardGameController      : Assigning new Hands to our four players
2018-07-23 21:34:43.035  INFO 97893 --- [    Test worker] c.c.c.controller.CardGameController      : dealing hands now
2018-07-23 21:34:43.035  INFO 97893 --- [    Test worker] c.c.c.controller.CardGameController      : removing the cards and adding them to the players hand 
2018-07-23 21:34:43.035  INFO 97893 --- [    Test worker] c.c.c.controller.CardGameController      : deciding the winner now
2018-07-23 21:34:43.035  INFO 97893 --- [    Test worker] c.c.c.controller.CardGameController      : Start the poker game
[com.cards.cardsInnGame.model.Player@19038dde, com.cards.cardsInnGame.model.Player@4dc3d151, com.cards.cardsInnGame.model.Player@69241a9b, com.cards.cardsInnGame.model.Player@28519cce][DIAMONDS THREE, CLUBS NINE, CLUBS JACK, HEARTS KING]2018-07-23 21:34:43.035  INFO 97893 --- [    Test worker] c.c.c.controller.CardGameController      : Pair
[com.cards.cardsInnGame.model.Player@19038dde, com.cards.cardsInnGame.model.Player@4dc3d151, com.cards.cardsInnGame.model.Player@69241a9b, com.cards.cardsInnGame.model.Player@28519cce][DIAMONDS THREE, CLUBS NINE, CLUBS JACK, HEARTS KING]poker winner player2
2018-07-23 21:34:43.035  INFO 97893 --- [    Test worker] c.c.c.controller.CardGameController      : updating the score for the player
com.cards.cardsInnGame.model.Player@4dc3d151
2018-07-23 21:34:43.036  INFO 97893 --- [    Test worker] c.c.c.controller.CardGameController      : Dealer taking back all the cards from players and putting them at the bottom of the deck
size before refill322018-07-23 21:34:43.036  INFO 97893 --- [    Test worker] c.c.c.controller.CardGameController      : creating a new deck and replacing it with a new one
2018-07-23 21:34:43.036  INFO 97893 --- [    Test worker] c.c.c.controller.CardGameController      : creating a deck now
2018-07-23 21:34:43.036  INFO 97893 --- [    Test worker] c.c.c.controller.CardGameController      : setting the deck
2018-07-23 21:34:43.036  INFO 97893 --- [    Test worker] c.c.c.controller.CardGameController      : Assigning new Hands to our four players
2018-07-23 21:34:43.036  INFO 97893 --- [    Test worker] c.c.c.controller.CardGameController      : dealing hands now
2018-07-23 21:34:43.036  INFO 97893 --- [    Test worker] c.c.c.controller.CardGameController      : removing the cards and adding them to the players hand 
2018-07-23 21:34:43.036  INFO 97893 --- [    Test worker] c.c.c.controller.CardGameController      : deciding the winner now
2018-07-23 21:34:43.036  INFO 97893 --- [    Test worker] c.c.c.controller.CardGameController      : Start the poker game
[com.cards.cardsInnGame.model.Player@19038dde, com.cards.cardsInnGame.model.Player@4dc3d151, com.cards.cardsInnGame.model.Player@28519cce][HEARTS TWO, HEARTS TEN, DIAMONDS ACE]2018-07-23 21:34:43.036  INFO 97893 --- [    Test worker] c.c.c.controller.CardGameController      : You have Two PAIRS !
poker winner player2
2018-07-23 21:34:43.036  INFO 97893 --- [    Test worker] c.c.c.controller.CardGameController      : updating the score for the player
com.cards.cardsInnGame.model.Player@4dc3d151
2018-07-23 21:34:43.037  INFO 97893 --- [    Test worker] c.c.c.controller.CardGameController      : Dealer taking back all the cards from players and putting them at the bottom of the deck
size before refill322018-07-23 21:34:43.037  INFO 97893 --- [    Test worker] c.c.c.controller.CardGameController      : creating a new deck and replacing it with a new one
2018-07-23 21:34:43.037  INFO 97893 --- [    Test worker] c.c.c.controller.CardGameController      : creating a deck now
2018-07-23 21:34:43.037  INFO 97893 --- [    Test worker] c.c.c.controller.CardGameController      : setting the deck
2018-07-23 21:34:43.037  INFO 97893 --- [    Test worker] c.c.c.controller.CardGameController      : Assigning new Hands to our four players
2018-07-23 21:34:43.037  INFO 97893 --- [    Test worker] c.c.c.controller.CardGameController      : dealing hands now
2018-07-23 21:34:43.037  INFO 97893 --- [    Test worker] c.c.c.controller.CardGameController      : removing the cards and adding them to the players hand 
2018-07-23 21:34:43.037  INFO 97893 --- [    Test worker] c.c.c.controller.CardGameController      : deciding the winner now
2018-07-23 21:34:43.037  INFO 97893 --- [    Test worker] c.c.c.controller.CardGameController      : Start the poker game
[com.cards.cardsInnGame.model.Player@4dc3d151, com.cards.cardsInnGame.model.Player@28519cce][CLUBS TWO, CLUBS SEVEN]2018-07-23 21:34:43.038  INFO 97893 --- [    Test worker] c.c.c.controller.CardGameController      : Pair
[com.cards.cardsInnGame.model.Player@4dc3d151, com.cards.cardsInnGame.model.Player@28519cce][CLUBS TWO, CLUBS SEVEN]poker winner player2
2018-07-23 21:34:43.038  INFO 97893 --- [    Test worker] c.c.c.controller.CardGameController      : updating the score for the player
com.cards.cardsInnGame.model.Player@4dc3d151
2018-07-23 21:34:43.038  INFO 97893 --- [    Test worker] c.c.c.controller.CardGameController      : Dealer taking back all the cards from players and putting them at the bottom of the deck
size before refill322018-07-23 21:34:43.038  INFO 97893 --- [    Test worker] c.c.c.controller.CardGameController      : creating a new deck and replacing it with a new one
2018-07-23 21:34:43.038  INFO 97893 --- [    Test worker] c.c.c.controller.CardGameController      : creating a deck now
2018-07-23 21:34:43.038  INFO 97893 --- [    Test worker] c.c.c.controller.CardGameController      : setting the deck
2018-07-23 21:34:43.038  INFO 97893 --- [    Test worker] c.c.c.controller.CardGameController      : Assigning new Hands to our four players
2018-07-23 21:34:43.038  INFO 97893 --- [    Test worker] c.c.c.controller.CardGameController      : dealing hands now
2018-07-23 21:34:43.038  INFO 97893 --- [    Test worker] c.c.c.controller.CardGameController      : removing the cards and adding them to the players hand 
2018-07-23 21:34:43.038  INFO 97893 --- [    Test worker] c.c.c.controller.CardGameController      : deciding the winner now
2018-07-23 21:34:43.039  INFO 97893 --- [    Test worker] c.c.c.controller.CardGameController      : Start the poker game
2018-07-23 21:34:43.039  INFO 97893 --- [    Test worker] c.c.c.controller.CardGameController      : You have Two PAIRS !
poker winner player1
2018-07-23 21:34:43.039  INFO 97893 --- [    Test worker] c.c.c.controller.CardGameController      : updating the score for the player
com.cards.cardsInnGame.model.Player@19038dde
2018-07-23 21:34:43.039  INFO 97893 --- [    Test worker] c.c.c.controller.CardGameController      : Dealer taking back all the cards from players and putting them at the bottom of the deck
size before refill322018-07-23 21:34:43.039  INFO 97893 --- [    Test worker] c.c.c.controller.CardGameController      : creating a new deck and replacing it with a new one
2018-07-23 21:34:43.039  INFO 97893 --- [    Test worker] c.c.c.controller.CardGameController      : creating a deck now
2018-07-23 21:34:43.039  INFO 97893 --- [    Test worker] c.c.c.controller.CardGameController      : setting the deck
2018-07-23 21:34:43.039  INFO 97893 --- [    Test worker] c.c.c.controller.CardGameController      : Assigning new Hands to our four players
2018-07-23 21:34:43.039  INFO 97893 --- [    Test worker] c.c.c.controller.CardGameController      : dealing hands now
2018-07-23 21:34:43.039  INFO 97893 --- [    Test worker] c.c.c.controller.CardGameController      : removing the cards and adding them to the players hand 
2018-07-23 21:34:43.039  INFO 97893 --- [    Test worker] c.c.c.controller.CardGameController      : deciding the winner now
2018-07-23 21:34:43.040  INFO 97893 --- [    Test worker] c.c.c.controller.CardGameController      : Start the poker game
2018-07-23 21:34:43.040  INFO 97893 --- [    Test worker] c.c.c.controller.CardGameController      : Pair
poker winner player3
2018-07-23 21:34:43.040  INFO 97893 --- [    Test worker] c.c.c.controller.CardGameController      : updating the score for the player
com.cards.cardsInnGame.model.Player@69241a9b
2018-07-23 21:34:43.040  INFO 97893 --- [    Test worker] c.c.c.controller.CardGameController      : Dealer taking back all the cards from players and putting them at the bottom of the deck
size before refill322018-07-23 21:34:43.040  INFO 97893 --- [    Test worker] c.c.c.controller.CardGameController      : creating a new deck and replacing it with a new one
2018-07-23 21:34:43.040  INFO 97893 --- [    Test worker] c.c.c.controller.CardGameController      : creating a deck now
2018-07-23 21:34:43.040  INFO 97893 --- [    Test worker] c.c.c.controller.CardGameController      : setting the deck
2018-07-23 21:34:43.040  INFO 97893 --- [    Test worker] c.c.c.controller.CardGameController      : Assigning new Hands to our four players
2018-07-23 21:34:43.040  INFO 97893 --- [    Test worker] c.c.c.controller.CardGameController      : dealing hands now
2018-07-23 21:34:43.040  INFO 97893 --- [    Test worker] c.c.c.controller.CardGameController      : removing the cards and adding them to the players hand 
2018-07-23 21:34:43.040  INFO 97893 --- [    Test worker] c.c.c.controller.CardGameController      : deciding the winner now
2018-07-23 21:34:43.040  INFO 97893 --- [    Test worker] c.c.c.controller.CardGameController      : Start the poker game
[com.cards.cardsInnGame.model.Player@19038dde, com.cards.cardsInnGame.model.Player@69241a9b][DIAMONDS QUEEN, CLUBS KING]2018-07-23 21:34:43.040  INFO 97893 --- [    Test worker] c.c.c.controller.CardGameController      : Awesome ! Its a straight
poker winner player4
2018-07-23 21:34:43.041  INFO 97893 --- [    Test worker] c.c.c.controller.CardGameController      : updating the score for the player
com.cards.cardsInnGame.model.Player@19038dde
2018-07-23 21:34:43.041  INFO 97893 --- [    Test worker] c.c.c.controller.CardGameController      : Dealer taking back all the cards from players and putting them at the bottom of the deck
size before refill322018-07-23 21:34:43.041  INFO 97893 --- [    Test worker] c.c.c.controller.CardGameController      : creating a new deck and replacing it with a new one
2018-07-23 21:34:43.041  INFO 97893 --- [    Test worker] c.c.c.controller.CardGameController      : creating a deck now
2018-07-23 21:34:43.041  INFO 97893 --- [    Test worker] c.c.c.controller.CardGameController      : setting the deck
2018-07-23 21:34:43.041  INFO 97893 --- [    Test worker] c.c.c.controller.CardGameController      : Assigning new Hands to our four players
2018-07-23 21:34:43.041  INFO 97893 --- [    Test worker] c.c.c.controller.CardGameController      : dealing hands now
2018-07-23 21:34:43.041  INFO 97893 --- [    Test worker] c.c.c.controller.CardGameController      : removing the cards and adding them to the players hand 
2018-07-23 21:34:43.041  INFO 97893 --- [    Test worker] c.c.c.controller.CardGameController      : deciding the winner now
2018-07-23 21:34:43.041  INFO 97893 --- [    Test worker] c.c.c.controller.CardGameController      : Start the poker game
[com.cards.cardsInnGame.model.Player@4dc3d151, com.cards.cardsInnGame.model.Player@69241a9b, com.cards.cardsInnGame.model.Player@28519cce][HEARTS THREE, HEARTS FIVE, CLUBS SEVEN]2018-07-23 21:34:43.041  INFO 97893 --- [    Test worker] c.c.c.controller.CardGameController      : Pair
[com.cards.cardsInnGame.model.Player@4dc3d151, com.cards.cardsInnGame.model.Player@69241a9b, com.cards.cardsInnGame.model.Player@28519cce][HEARTS THREE, HEARTS FIVE, CLUBS SEVEN]poker winner player2
2018-07-23 21:34:43.041  INFO 97893 --- [    Test worker] c.c.c.controller.CardGameController      : updating the score for the player
com.cards.cardsInnGame.model.Player@4dc3d151
2018-07-23 21:34:43.042  INFO 97893 --- [    Test worker] c.c.c.controller.CardGameController      : Dealer taking back all the cards from players and putting them at the bottom of the deck
size before refill322018-07-23 21:34:43.042  INFO 97893 --- [    Test worker] c.c.c.controller.CardGameController      : creating a new deck and replacing it with a new one
2018-07-23 21:34:43.042  INFO 97893 --- [    Test worker] c.c.c.controller.CardGameController      : creating a deck now
2018-07-23 21:34:43.042  INFO 97893 --- [    Test worker] c.c.c.controller.CardGameController      : setting the deck
2018-07-23 21:34:43.042  INFO 97893 --- [    Test worker] c.c.c.controller.CardGameController      : Assigning new Hands to our four players
2018-07-23 21:34:43.042  INFO 97893 --- [    Test worker] c.c.c.controller.CardGameController      : dealing hands now
2018-07-23 21:34:43.042  INFO 97893 --- [    Test worker] c.c.c.controller.CardGameController      : removing the cards and adding them to the players hand 
2018-07-23 21:34:43.042  INFO 97893 --- [    Test worker] c.c.c.controller.CardGameController      : deciding the winner now
2018-07-23 21:34:43.042  INFO 97893 --- [    Test worker] c.c.c.controller.CardGameController      : Start the poker game
2018-07-23 21:34:43.042  INFO 97893 --- [    Test worker] c.c.c.controller.CardGameController      : Oh well, a high card
poker winner player2
2018-07-23 21:34:43.042  INFO 97893 --- [    Test worker] c.c.c.controller.CardGameController      : updating the score for the player
com.cards.cardsInnGame.model.Player@4dc3d151
2018-07-23 21:34:43.043  INFO 97893 --- [    Test worker] c.c.c.controller.CardGameController      : Dealer taking back all the cards from players and putting them at the bottom of the deck
size before refill322018-07-23 21:34:43.043  INFO 97893 --- [    Test worker] c.c.c.controller.CardGameController      : creating a new deck and replacing it with a new one
2018-07-23 21:34:43.043  INFO 97893 --- [    Test worker] c.c.c.controller.CardGameController      : creating a deck now
2018-07-23 21:34:43.043  INFO 97893 --- [    Test worker] c.c.c.controller.CardGameController      : setting the deck
2018-07-23 21:34:43.043  INFO 97893 --- [    Test worker] c.c.c.controller.CardGameController      : Assigning new Hands to our four players
2018-07-23 21:34:43.043  INFO 97893 --- [    Test worker] c.c.c.controller.CardGameController      : Shuffling the deck now
2018-07-23 21:34:43.043  INFO 97893 --- [    Test worker] c.c.c.controller.CardGameController      : dealing hands now
2018-07-23 21:34:43.043  INFO 97893 --- [    Test worker] c.c.c.controller.CardGameController      : removing the cards and adding them to the players hand 
2018-07-23 21:34:43.043  INFO 97893 --- [    Test worker] c.c.c.controller.CardGameController      : deciding the winner now
2018-07-23 21:34:43.043  INFO 97893 --- [    Test worker] c.c.c.controller.CardGameController      : Start the poker game
[com.cards.cardsInnGame.model.Player@4dc3d151, com.cards.cardsInnGame.model.Player@69241a9b, com.cards.cardsInnGame.model.Player@28519cce][CLUBS FOUR, CLUBS NINE, CLUBS QUEEN]2018-07-23 21:34:43.043  INFO 97893 --- [    Test worker] c.c.c.controller.CardGameController      : Pair
[com.cards.cardsInnGame.model.Player@4dc3d151, com.cards.cardsInnGame.model.Player@69241a9b, com.cards.cardsInnGame.model.Player@28519cce][CLUBS FOUR, CLUBS NINE, CLUBS QUEEN]poker winner player3
2018-07-23 21:34:43.043  INFO 97893 --- [    Test worker] c.c.c.controller.CardGameController      : updating the score for the player
com.cards.cardsInnGame.model.Player@69241a9b
2018-07-23 21:34:43.043  INFO 97893 --- [    Test worker] c.c.c.controller.CardGameController      : Dealer taking back all the cards from players and putting them at the bottom of the deck
size before refill322018-07-23 21:34:43.043  INFO 97893 --- [    Test worker] c.c.c.controller.CardGameController      : creating a new deck and replacing it with a new one
2018-07-23 21:34:43.043  INFO 97893 --- [    Test worker] c.c.c.controller.CardGameController      : creating a deck now
2018-07-23 21:34:43.043  INFO 97893 --- [    Test worker] c.c.c.controller.CardGameController      : setting the deck
2018-07-23 21:34:43.044  INFO 97893 --- [    Test worker] c.c.c.controller.CardGameController      : Assigning new Hands to our four players
2018-07-23 21:34:43.044  INFO 97893 --- [    Test worker] c.c.c.controller.CardGameController      : dealing hands now
2018-07-23 21:34:43.044  INFO 97893 --- [    Test worker] c.c.c.controller.CardGameController      : removing the cards and adding them to the players hand 
2018-07-23 21:34:43.044  INFO 97893 --- [    Test worker] c.c.c.controller.CardGameController      : deciding the winner now
2018-07-23 21:34:43.044  INFO 97893 --- [    Test worker] c.c.c.controller.CardGameController      : Start the poker game
2018-07-23 21:34:43.044  INFO 97893 --- [    Test worker] c.c.c.controller.CardGameController      : Pair
poker winner player2
2018-07-23 21:34:43.044  INFO 97893 --- [    Test worker] c.c.c.controller.CardGameController      : updating the score for the player
com.cards.cardsInnGame.model.Player@4dc3d151
2018-07-23 21:34:43.044  INFO 97893 --- [    Test worker] c.c.c.controller.CardGameController      : Dealer taking back all the cards from players and putting them at the bottom of the deck
size before refill322018-07-23 21:34:43.044  INFO 97893 --- [    Test worker] c.c.c.controller.CardGameController      : creating a new deck and replacing it with a new one
2018-07-23 21:34:43.044  INFO 97893 --- [    Test worker] c.c.c.controller.CardGameController      : creating a deck now
2018-07-23 21:34:43.044  INFO 97893 --- [    Test worker] c.c.c.controller.CardGameController      : setting the deck
2018-07-23 21:34:43.044  INFO 97893 --- [    Test worker] c.c.c.controller.CardGameController      : Assigning new Hands to our four players
2018-07-23 21:34:43.044  INFO 97893 --- [    Test worker] c.c.c.controller.CardGameController      : dealing hands now
2018-07-23 21:34:43.044  INFO 97893 --- [    Test worker] c.c.c.controller.CardGameController      : removing the cards and adding them to the players hand 
2018-07-23 21:34:43.044  INFO 97893 --- [    Test worker] c.c.c.controller.CardGameController      : deciding the winner now
2018-07-23 21:34:43.044  INFO 97893 --- [    Test worker] c.c.c.controller.CardGameController      : Start the poker game
2018-07-23 21:34:43.044  INFO 97893 --- [    Test worker] c.c.c.controller.CardGameController      : Oh well, a high card
poker winner player3
2018-07-23 21:34:43.044  INFO 97893 --- [    Test worker] c.c.c.controller.CardGameController      : updating the score for the player
com.cards.cardsInnGame.model.Player@69241a9b
2018-07-23 21:34:43.045  INFO 97893 --- [    Test worker] c.c.c.controller.CardGameController      : Dealer taking back all the cards from players and putting them at the bottom of the deck
size before refill322018-07-23 21:34:43.045  INFO 97893 --- [    Test worker] c.c.c.controller.CardGameController      : creating a new deck and replacing it with a new one
2018-07-23 21:34:43.045  INFO 97893 --- [    Test worker] c.c.c.controller.CardGameController      : creating a deck now
2018-07-23 21:34:43.045  INFO 97893 --- [    Test worker] c.c.c.controller.CardGameController      : setting the deck
2018-07-23 21:34:43.045  INFO 97893 --- [    Test worker] c.c.c.controller.CardGameController      : Assigning new Hands to our four players
2018-07-23 21:34:43.045  INFO 97893 --- [    Test worker] c.c.c.controller.CardGameController      : dealing hands now
2018-07-23 21:34:43.045  INFO 97893 --- [    Test worker] c.c.c.controller.CardGameController      : removing the cards and adding them to the players hand 
2018-07-23 21:34:43.045  INFO 97893 --- [    Test worker] c.c.c.controller.CardGameController      : deciding the winner now
2018-07-23 21:34:43.045  INFO 97893 --- [    Test worker] c.c.c.controller.CardGameController      : Start the poker game
2018-07-23 21:34:43.045  INFO 97893 --- [    Test worker] c.c.c.controller.CardGameController      : You have Two PAIRS !
poker winner player2
2018-07-23 21:34:43.045  INFO 97893 --- [    Test worker] c.c.c.controller.CardGameController      : updating the score for the player
com.cards.cardsInnGame.model.Player@4dc3d151
2018-07-23 21:34:43.045  INFO 97893 --- [    Test worker] c.c.c.controller.CardGameController      : Dealer taking back all the cards from players and putting them at the bottom of the deck
size before refill322018-07-23 21:34:43.045  INFO 97893 --- [    Test worker] c.c.c.controller.CardGameController      : creating a new deck and replacing it with a new one
2018-07-23 21:34:43.045  INFO 97893 --- [    Test worker] c.c.c.controller.CardGameController      : creating a deck now
2018-07-23 21:34:43.045  INFO 97893 --- [    Test worker] c.c.c.controller.CardGameController      : setting the deck
2018-07-23 21:34:43.046  INFO 97893 --- [    Test worker] c.c.c.controller.CardGameController      : Assigning new Hands to our four players
2018-07-23 21:34:43.046  INFO 97893 --- [    Test worker] c.c.c.controller.CardGameController      : dealing hands now
2018-07-23 21:34:43.046  INFO 97893 --- [    Test worker] c.c.c.controller.CardGameController      : removing the cards and adding them to the players hand 
2018-07-23 21:34:43.046  INFO 97893 --- [    Test worker] c.c.c.controller.CardGameController      : deciding the winner now
2018-07-23 21:34:43.046  INFO 97893 --- [    Test worker] c.c.c.controller.CardGameController      : Start the poker game
[com.cards.cardsInnGame.model.Player@4dc3d151, com.cards.cardsInnGame.model.Player@28519cce][DIAMONDS THREE, CLUBS SEVEN]2018-07-23 21:34:43.046  INFO 97893 --- [    Test worker] c.c.c.controller.CardGameController      : Awesome ! Its a straight
poker winner player3
2018-07-23 21:34:43.046  INFO 97893 --- [    Test worker] c.c.c.controller.CardGameController      : updating the score for the player
com.cards.cardsInnGame.model.Player@4dc3d151
2018-07-23 21:34:43.046  INFO 97893 --- [    Test worker] c.c.c.controller.CardGameController      : Dealer taking back all the cards from players and putting them at the bottom of the deck
size before refill322018-07-23 21:34:43.046  INFO 97893 --- [    Test worker] c.c.c.controller.CardGameController      : creating a new deck and replacing it with a new one
2018-07-23 21:34:43.046  INFO 97893 --- [    Test worker] c.c.c.controller.CardGameController      : creating a deck now
2018-07-23 21:34:43.046  INFO 97893 --- [    Test worker] c.c.c.controller.CardGameController      : setting the deck
2018-07-23 21:34:43.046  INFO 97893 --- [    Test worker] c.c.c.controller.CardGameController      : Assigning new Hands to our four players
2018-07-23 21:34:43.046  INFO 97893 --- [    Test worker] c.c.c.controller.CardGameController      : dealing hands now
2018-07-23 21:34:43.046  INFO 97893 --- [    Test worker] c.c.c.controller.CardGameController      : removing the cards and adding them to the players hand 
2018-07-23 21:34:43.047  INFO 97893 --- [    Test worker] c.c.c.controller.CardGameController      : deciding the winner now
2018-07-23 21:34:43.047  INFO 97893 --- [    Test worker] c.c.c.controller.CardGameController      : Start the poker game
2018-07-23 21:34:43.047  INFO 97893 --- [    Test worker] c.c.c.controller.CardGameController      : Oh well, a high card
poker winner player3
2018-07-23 21:34:43.047  INFO 97893 --- [    Test worker] c.c.c.controller.CardGameController      : updating the score for the player
com.cards.cardsInnGame.model.Player@69241a9b
2018-07-23 21:34:43.047  INFO 97893 --- [    Test worker] c.c.c.controller.CardGameController      : Dealer taking back all the cards from players and putting them at the bottom of the deck
size before refill322018-07-23 21:34:43.047  INFO 97893 --- [    Test worker] c.c.c.controller.CardGameController      : creating a new deck and replacing it with a new one
2018-07-23 21:34:43.047  INFO 97893 --- [    Test worker] c.c.c.controller.CardGameController      : creating a deck now
2018-07-23 21:34:43.047  INFO 97893 --- [    Test worker] c.c.c.controller.CardGameController      : setting the deck
[...]
poker winner player2
2018-07-23 21:34:43.066  INFO 97893 --- [    Test worker] c.c.c.controller.CardGameController      : updating the score for the player
com.cards.cardsInnGame.model.Player@4dc3d151
2018-07-23 21:34:43.067  INFO 97893 --- [    Test worker] c.c.c.controller.CardGameController      : Dealer taking back all the cards from players and putting them at the bottom of the deck
size before refill322018-07-23 21:34:43.067  INFO 97893 --- [    Test worker] c.c.c.controller.CardGameController      : creating a new deck and replacing it with a new one
2018-07-23 21:34:43.067  INFO 97893 --- [    Test worker] c.c.c.controller.CardGameController      : creating a deck now
2018-07-23 21:34:43.067  INFO 97893 --- [    Test worker] c.c.c.controller.CardGameController      : setting the deck
2018-07-23 21:34:43.067  INFO 97893 --- [    Test worker] c.c.c.controller.CardGameController      : Assigning new Hands to our four players
2018-07-23 21:34:43.067  INFO 97893 --- [    Test worker] c.c.c.controller.CardGameController      : dealing hands now
2018-07-23 21:34:43.067  INFO 97893 --- [    Test worker] c.c.c.controller.CardGameController      : removing the cards and adding them to the players hand 
2018-07-23 21:34:43.067  INFO 97893 --- [    Test worker] c.c.c.controller.CardGameController      : deciding the winner now
2018-07-23 21:34:43.067  INFO 97893 --- [    Test worker] c.c.c.controller.CardGameController      : Start the poker game
2018-07-23 21:34:43.067  INFO 97893 --- [    Test worker] c.c.c.controller.CardGameController      : Pair
poker winner player2
2018-07-23 21:34:43.067  INFO 97893 --- [    Test worker] c.c.c.controller.CardGameController      : updating the score for the player
com.cards.cardsInnGame.model.Player@4dc3d151
2018-07-23 21:34:43.067  INFO 97893 --- [    Test worker] c.c.c.controller.CardGameController      : Dealer taking back all the cards from players and putting them at the bottom of the deck
size before refill322018-07-23 21:34:43.067  INFO 97893 --- [    Test worker] c.c.c.controller.CardGameController      : creating a new deck and replacing it with a new one
2018-07-23 21:34:43.068  INFO 97893 --- [    Test worker] c.c.c.controller.CardGameController      : creating a deck now
2018-07-23 21:34:43.068  INFO 97893 --- [    Test worker] c.c.c.controller.CardGameController      : setting the deck
2018-07-23 21:34:43.068  INFO 97893 --- [    Test worker] c.c.c.controller.CardGameController      : Assigning new Hands to our four players
2018-07-23 21:34:43.068  INFO 97893 --- [    Test worker] c.c.c.controller.CardGameController      : dealing hands now
2018-07-23 21:34:43.068  INFO 97893 --- [    Test worker] c.c.c.controller.CardGameController      : removing the cards and adding them to the players hand 
2018-07-23 21:34:43.068  INFO 97893 --- [    Test worker] c.c.c.controller.CardGameController      : deciding the winner now
2018-07-23 21:34:43.068  INFO 97893 --- [    Test worker] c.c.c.controller.CardGameController      : Start the poker game
[com.cards.cardsInnGame.model.Player@19038dde, com.cards.cardsInnGame.model.Player@69241a9b][DIAMONDS TEN, DIAMONDS KING]2018-07-23 21:34:43.068  INFO 97893 --- [    Test worker] c.c.c.controller.CardGameController      : Pair
[com.cards.cardsInnGame.model.Player@19038dde, com.cards.cardsInnGame.model.Player@69241a9b][DIAMONDS TEN, DIAMONDS KING]poker winner player3
2018-07-23 21:34:43.068  INFO 97893 --- [    Test worker] c.c.c.controller.CardGameController      : updating the score for the player
com.cards.cardsInnGame.model.Player@69241a9b
2018-07-23 21:34:43.068  INFO 97893 --- [    Test worker] c.c.c.controller.CardGameController      : Dealer taking back all the cards from players and putting them at the bottom of the deck
size before refill322018-07-23 21:34:43.068  INFO 97893 --- [    Test worker] c.c.c.controller.CardGameController      : creating a new deck and replacing it with a new one
2018-07-23 21:34:43.068  INFO 97893 --- [    Test worker] c.c.c.controller.CardGameController      : creating a deck now
2018-07-23 21:34:43.069  INFO 97893 --- [    Test worker] c.c.c.controller.CardGameController      : setting the deck
2018-07-23 21:34:43.069  INFO 97893 --- [    Test worker] c.c.c.controller.CardGameController      : Assigning new Hands to our four players
2018-07-23 21:34:43.069  INFO 97893 --- [    Test worker] c.c.c.controller.CardGameController      : dealing hands now
2018-07-23 21:34:43.069  INFO 97893 --- [    Test worker] c.c.c.controller.CardGameController      : removing the cards and adding them to the players hand 
2018-07-23 21:34:43.069  INFO 97893 --- [    Test worker] c.c.c.controller.CardGameController      : deciding the winner now
2018-07-23 21:34:43.069  INFO 97893 --- [    Test worker] c.c.c.controller.CardGameController      : Start the poker game
[com.cards.cardsInnGame.model.Player@4dc3d151, com.cards.cardsInnGame.model.Player@28519cce][HEARTS TWO, HEARTS FOUR]2018-07-23 21:34:43.069  INFO 97893 --- [    Test worker] c.c.c.controller.CardGameController      : You have Two PAIRS !
poker winner player2
2018-07-23 21:34:43.069  INFO 97893 --- [    Test worker] c.c.c.controller.CardGameController      : updating the score for the player
com.cards.cardsInnGame.model.Player@4dc3d151
2018-07-23 21:34:43.069  INFO 97893 --- [    Test worker] c.c.c.controller.CardGameController      : Dealer taking back all the cards from players and putting them at the bottom of the deck
size before refill322018-07-23 21:34:43.069  INFO 97893 --- [    Test worker] c.c.c.controller.CardGameController      : creating a new deck and replacing it with a new one
2018-07-23 21:34:43.069  INFO 97893 --- [    Test worker] c.c.c.controller.CardGameController      : creating a deck now
2018-07-23 21:34:43.069  INFO 97893 --- [    Test worker] c.c.c.controller.CardGameController      : setting the deck
2018-07-23 21:34:43.069  INFO 97893 --- [    Test worker] c.c.c.controller.CardGameController      : Assigning new Hands to our four players
2018-07-23 21:34:43.069  INFO 97893 --- [    Test worker] c.c.c.controller.CardGameController      : dealing hands now
2018-07-23 21:34:43.069  INFO 97893 --- [    Test worker] c.c.c.controller.CardGameController      : removing the cards and adding them to the players hand 
2018-07-23 21:34:43.069  INFO 97893 --- [    Test worker] c.c.c.controller.CardGameController      : deciding the winner now
2018-07-23 21:34:43.069  INFO 97893 --- [    Test worker] c.c.c.controller.CardGameController      : Start the poker game
2018-07-23 21:34:43.069  INFO 97893 --- [    Test worker] c.c.c.controller.CardGameController      : Three of a kind cards
poker winner player2
2018-07-23 21:34:43.070  INFO 97893 --- [    Test worker] c.c.c.controller.CardGameController      : updating the score for the player
com.cards.cardsInnGame.model.Player@4dc3d151
2018-07-23 21:34:43.070  INFO 97893 --- [    Test worker] c.c.c.controller.CardGameController      : Dealer taking back all the cards from players and putting them at the bottom of the deck
size before refill322018-07-23 21:34:43.070  INFO 97893 --- [    Test worker] c.c.c.controller.CardGameController      : creating a new deck and replacing it with a new one
2018-07-23 21:34:43.070  INFO 97893 --- [    Test worker] c.c.c.controller.CardGameController      : creating a deck now
2018-07-23 21:34:43.070  INFO 97893 --- [    Test worker] c.c.c.controller.CardGameController      : setting the deck
2018-07-23 21:34:43.070  INFO 97893 --- [    Test worker] c.c.c.controller.CardGameController      : Assigning new Hands to our four players
2018-07-23 21:34:43.070  INFO 97893 --- [    Test worker] c.c.c.controller.CardGameController      : dealing hands now
2018-07-23 21:34:43.070  INFO 97893 --- [    Test worker] c.c.c.controller.CardGameController      : removing the cards and adding them to the players hand 
2018-07-23 21:34:43.070  INFO 97893 --- [    Test worker] c.c.c.controller.CardGameController      : deciding the winner now
2018-07-23 21:34:43.070  INFO 97893 --- [    Test worker] c.c.c.controller.CardGameController      : Start the poker game
2018-07-23 21:34:43.070  INFO 97893 --- [    Test worker] c.c.c.controller.CardGameController      : Pair
poker winner player2
2018-07-23 21:34:43.070  INFO 97893 --- [    Test worker] c.c.c.controller.CardGameController      : updating the score for the player
com.cards.cardsInnGame.model.Player@4dc3d151
2018-07-23 21:34:43.070  INFO 97893 --- [    Test worker] c.c.c.controller.CardGameController      : Dealer taking back all the cards from players and putting them at the bottom of the deck
size before refill322018-07-23 21:34:43.070  INFO 97893 --- [    Test worker] c.c.c.controller.CardGameController      : creating a new deck and replacing it with a new one
2018-07-23 21:34:43.070  INFO 97893 --- [    Test worker] c.c.c.controller.CardGameController      : creating a deck now
2018-07-23 21:34:43.070  INFO 97893 --- [    Test worker] c.c.c.controller.CardGameController      : setting the deck
2018-07-23 21:34:43.070  INFO 97893 --- [    Test worker] c.c.c.controller.CardGameController      : Assigning new Hands to our four players
2018-07-23 21:34:43.070  INFO 97893 --- [    Test worker] c.c.c.controller.CardGameController      : dealing hands now
2018-07-23 21:34:43.070  INFO 97893 --- [    Test worker] c.c.c.controller.CardGameController      : removing the cards and adding them to the players hand 
2018-07-23 21:34:43.070  INFO 97893 --- [    Test worker] c.c.c.controller.CardGameController      : deciding the winner now
2018-07-23 21:34:43.071  INFO 97893 --- [    Test worker] c.c.c.controller.CardGameController      : Start the poker game
2018-07-23 21:34:43.071  INFO 97893 --- [    Test worker] c.c.c.controller.CardGameController      : Oh well, a high card
poker winner player3
2018-07-23 21:34:43.071  INFO 97893 --- [    Test worker] c.c.c.controller.CardGameController      : updating the score for the player
com.cards.cardsInnGame.model.Player@69241a9b
2018-07-23 21:34:43.071  INFO 97893 --- [    Test worker] c.c.c.controller.CardGameController      : Dealer taking back all the cards from players and putting them at the bottom of the deck
size before refill322018-07-23 21:34:43.071  INFO 97893 --- [    Test worker] c.c.c.controller.CardGameController      : creating a new deck and replacing it with a new one
2018-07-23 21:34:43.071  INFO 97893 --- [    Test worker] c.c.c.controller.CardGameController      : creating a deck now
2018-07-23 21:34:43.071  INFO 97893 --- [    Test worker] c.c.c.controller.CardGameController      : setting the deck
2018-07-23 21:34:43.071  INFO 97893 --- [    Test worker] c.c.c.controller.CardGameController      : Assigning new Hands to our four players
2018-07-23 21:34:43.071  INFO 97893 --- [    Test worker] c.c.c.controller.CardGameController      : dealing hands now
2018-07-23 21:34:43.071  INFO 97893 --- [    Test worker] c.c.c.controller.CardGameController      : removing the cards and adding them to the players hand 
2018-07-23 21:34:43.071  INFO 97893 --- [    Test worker] c.c.c.controller.CardGameController      : deciding the winner now
2018-07-23 21:34:43.071  INFO 97893 --- [    Test worker] c.c.c.controller.CardGameController      : Start the poker game
[com.cards.cardsInnGame.model.Player@19038dde, com.cards.cardsInnGame.model.Player@4dc3d151, com.cards.cardsInnGame.model.Player@28519cce][DIAMONDS TWO, CLUBS FIVE, DIAMONDS JACK]2018-07-23 21:34:43.071  INFO 97893 --- [    Test worker] c.c.c.controller.CardGameController      : Pair
[com.cards.cardsInnGame.model.Player@19038dde, com.cards.cardsInnGame.model.Player@4dc3d151, com.cards.cardsInnGame.model.Player@28519cce][DIAMONDS TWO, CLUBS FIVE, DIAMONDS JACK]poker winner player2
2018-07-23 21:34:43.071  INFO 97893 --- [    Test worker] c.c.c.controller.CardGameController      : updating the score for the player
com.cards.cardsInnGame.model.Player@4dc3d151
2018-07-23 21:34:43.071  INFO 97893 --- [    Test worker] c.c.c.controller.CardGameController      : Dealer taking back all the cards from players and putting them at the bottom of the deck
size before refill322018-07-23 21:34:43.071  INFO 97893 --- [    Test worker] c.c.c.controller.CardGameController      : creating a new deck and replacing it with a new one
2018-07-23 21:34:43.071  INFO 97893 --- [    Test worker] c.c.c.controller.CardGameController      : creating a deck now
2018-07-23 21:34:43.071  INFO 97893 --- [    Test worker] c.c.c.controller.CardGameController      : setting the deck
2018-07-23 21:34:43.072  INFO 97893 --- [    Test worker] c.c.c.controller.CardGameController      : Assigning new Hands to our four players
2018-07-23 21:34:43.072  INFO 97893 --- [    Test worker] c.c.c.controller.CardGameController      : dealing hands now
2018-07-23 21:34:43.072  INFO 97893 --- [    Test worker] c.c.c.controller.CardGameController      : removing the cards and adding them to the players hand 
2018-07-23 21:34:43.072  INFO 97893 --- [    Test worker] c.c.c.controller.CardGameController      : deciding the winner now
2018-07-23 21:34:43.072  INFO 97893 --- [    Test worker] c.c.c.controller.CardGameController      : Start the poker game
[com.cards.cardsInnGame.model.Player@4dc3d151, com.cards.cardsInnGame.model.Player@69241a9b][DIAMONDS THREE, DIAMONDS KING]2018-07-23 21:34:43.072  INFO 97893 --- [    Test worker] c.c.c.controller.CardGameController      : Pair
[com.cards.cardsInnGame.model.Player@4dc3d151, com.cards.cardsInnGame.model.Player@69241a9b][DIAMONDS THREE, DIAMONDS KING]poker winner player2
2018-07-23 21:34:43.072  INFO 97893 --- [    Test worker] c.c.c.controller.CardGameController      : updating the score for the player
com.cards.cardsInnGame.model.Player@4dc3d151
2018-07-23 21:34:43.072  INFO 97893 --- [    Test worker] c.c.c.controller.CardGameController      : Dealer taking back all the cards from players and putting them at the bottom of the deck
size before refill322018-07-23 21:34:43.072  INFO 97893 --- [    Test worker] c.c.c.controller.CardGameController      : creating a new deck and replacing it with a new one
2018-07-23 21:34:43.072  INFO 97893 --- [    Test worker] c.c.c.controller.CardGameController      : creating a deck now
2018-07-23 21:34:43.072  INFO 97893 --- [    Test worker] c.c.c.controller.CardGameController      : setting the deck
2018-07-23 21:34:43.072  INFO 97893 --- [    Test worker] c.c.c.controller.CardGameController      : Assigning new Hands to our four players
2018-07-23 21:34:43.072  INFO 97893 --- [    Test worker] c.c.c.controller.CardGameController      : dealing hands now
2018-07-23 21:34:43.072  INFO 97893 --- [    Test worker] c.c.c.controller.CardGameController      : removing the cards and adding them to the players hand 
2018-07-23 21:34:43.072  INFO 97893 --- [    Test worker] c.c.c.controller.CardGameController      : deciding the winner now
2018-07-23 21:34:43.072  INFO 97893 --- [    Test worker] c.c.c.controller.CardGameController      : Start the poker game
2018-07-23 21:34:43.072  INFO 97893 --- [    Test worker] c.c.c.controller.CardGameController      : Pair
poker winner player2
2018-07-23 21:34:43.072  INFO 97893 --- [    Test worker] c.c.c.controller.CardGameController      : updating the score for the player
com.cards.cardsInnGame.model.Player@4dc3d151
2018-07-23 21:34:43.072  INFO 97893 --- [    Test worker] c.c.c.controller.CardGameController      : Dealer taking back all the cards from players and putting them at the bottom of the deck
size before refill322018-07-23 21:34:43.072  INFO 97893 --- [    Test worker] c.c.c.controller.CardGameController      : creating a new deck and replacing it with a new one
2018-07-23 21:34:43.073  INFO 97893 --- [    Test worker] c.c.c.controller.CardGameController      : creating a deck now
2018-07-23 21:34:43.073  INFO 97893 --- [    Test worker] c.c.c.controller.CardGameController      : setting the deck
2018-07-23 21:34:43.073  INFO 97893 --- [    Test worker] c.c.c.controller.CardGameController      : Assigning new Hands to our four players
2018-07-23 21:34:43.073  INFO 97893 --- [    Test worker] c.c.c.controller.CardGameController      : Shuffling the deck now
2018-07-23 21:34:43.073  INFO 97893 --- [    Test worker] c.c.c.controller.CardGameController      : dealing hands now
2018-07-23 21:34:43.073  INFO 97893 --- [    Test worker] c.c.c.controller.CardGameController      : removing the cards and adding them to the players hand 
2018-07-23 21:34:43.073  INFO 97893 --- [    Test worker] c.c.c.controller.CardGameController      : deciding the winner now
2018-07-23 21:34:43.073  INFO 97893 --- [    Test worker] c.c.c.controller.CardGameController      : Start the poker game
2018-07-23 21:34:43.073  INFO 97893 --- [    Test worker] c.c.c.controller.CardGameController      : Three of a kind cards
poker winner player4
2018-07-23 21:34:43.073  INFO 97893 --- [    Test worker] c.c.c.controller.CardGameController      : updating the score for the player
com.cards.cardsInnGame.model.Player@28519cce
2018-07-23 21:34:43.073  INFO 97893 --- [    Test worker] c.c.c.controller.CardGameController      : Dealer taking back all the cards from players and putting them at the bottom of the deck
size before refill322018-07-23 21:34:43.073  INFO 97893 --- [    Test worker] c.c.c.controller.CardGameController      : creating a new deck and replacing it with a new one
2018-07-23 21:34:43.074  INFO 97893 --- [    Test worker] c.c.c.controller.CardGameController      : creating a deck now
2018-07-23 21:34:43.074  INFO 97893 --- [    Test worker] c.c.c.controller.CardGameController      : setting the deck
2018-07-23 21:34:43.074  INFO 97893 --- [    Test worker] c.c.c.controller.CardGameController      : Assigning new Hands to our four players
2018-07-23 21:34:43.074  INFO 97893 --- [    Test worker] c.c.c.controller.CardGameController      : Going to the scoreBoard to get all the scores
--------------------------------------------------------------------
  _________                            _________                  .___
 /   _____/ ____  ___________   ____   \_   ___ \_____ _______  __| _/
 \_____  \_/ ___\/  _ \_  __ \_/ __ \  /    \  \/\__  \\_  __ \/ __ | 
 /        \  \__(  <_> )  | \/\  ___/  \     \____/ __ \|  | \/ /_/ | 
/_______  /\___  >____/|__|    \___  >  \______  (____  /__|  \____ | 
        \/     \/                  \/          \/     \/           \/ 
--------------------------------------------------------------------

player2 | 23
player1 | 3
player3 | 9
player4 | 15

--------------------------------------------------------------------




--------------------------------------------------------------------
\______   \____ |  | __ ___________   /   _____/ ____  ___________   ____   ______
 |     ___/  _ \|  |/ // __ \_  __ \  \_____  \_/ ___\/  _ \_  __ \_/ __ \ /  ___/
 |    |  (  <_> )    <\  ___/|  | \/  /        \  \__(  <_> )  | \/\  ___/ \___ \ 
 |____|   \____/|__|_ \\___  >__|    /_______  /\___  >____/|__|    \___  >____  >
                     \/    \/                \/     \/                  \/     \/ 

--------------------------------------------------------------------
HISTOGRAM FROM THE POKER GAME WINNINGS


24 ======================== player2

4 ==== player1

10 ========== player3

16 ================ player4

--------------------------------------------------------------------


HISTOGRAM FROM THE POKER GAME WINNINGS


2 == Three Of A Kind

4 ==== Straight Flush

8 ======== Two pair

4 ==== High Card

31 =============================== Pair

1 = Straight




2018-07-23 21:34:43.077  INFO 97893 --- [       Thread-5] s.c.a.AnnotationConfigApplicationContext : Closing org.springframework.context.annotation.AnnotationConfigApplicationContext@541cc62e: startup date [Mon Jul 23 21:34:42 CDT 2018]; root of context hierarchy
]]></system-out>
  <system-err><![CDATA[]]></system-err>
</testsuite>
